Copyright 1986-2022 Xilinx, Inc. All Rights Reserved. Copyright 2022-2024 Advanced Micro Devices, Inc. All Rights Reserved.
---------------------------------------------------------------------------------------------------------------------------------------------------------------------------------------------------------------
| Tool Version : Vivado v.2024.2 (lin64) Build 5239630 Fri Nov 08 22:34:34 MST 2024
| Date         : Tue Jan 14 11:02:49 2025
| Host         : quil running 64-bit Arch Linux
| Command      : report_timing_summary -max_paths 10 -report_unconstrained -file Part_3_timing_summary_routed.rpt -pb Part_3_timing_summary_routed.pb -rpx Part_3_timing_summary_routed.rpx -warn_on_violation
| Design       : Part_3
| Device       : 7a35t-cpg236
| Speed File   : -1  PRODUCTION 1.23 2018-06-13
| Design State : Routed
---------------------------------------------------------------------------------------------------------------------------------------------------------------------------------------------------------------

Timing Summary Report

------------------------------------------------------------------------------------------------
| Timer Settings
| --------------
------------------------------------------------------------------------------------------------

  Enable Multi Corner Analysis               :  Yes
  Enable Pessimism Removal                   :  Yes
  Pessimism Removal Resolution               :  Nearest Common Node
  Enable Input Delay Default Clock           :  No
  Enable Preset / Clear Arcs                 :  No
  Disable Flight Delays                      :  No
  Ignore I/O Paths                           :  No
  Timing Early Launch at Borrowing Latches   :  No
  Borrow Time for Max Delay Exceptions       :  Yes
  Merge Timing Exceptions                    :  Yes
  Inter-SLR Compensation                     :  Conservative

  Corner  Analyze    Analyze    
  Name    Max Paths  Min Paths  
  ------  ---------  ---------  
  Slow    Yes        Yes        
  Fast    Yes        Yes        


------------------------------------------------------------------------------------------------
| Report Methodology
| ------------------
------------------------------------------------------------------------------------------------

No report available as report_methodology has not been run prior. Run report_methodology on the current design for the summary of methodology violations.



check_timing report

Table of Contents
-----------------
1. checking no_clock (0)
2. checking constant_clock (0)
3. checking pulse_width_clock (0)
4. checking unconstrained_internal_endpoints (0)
5. checking no_input_delay (0)
6. checking no_output_delay (0)
7. checking multiple_clock (0)
8. checking generated_clocks (0)
9. checking loops (0)
10. checking partial_input_delay (0)
11. checking partial_output_delay (0)
12. checking latch_loops (0)

1. checking no_clock (0)
------------------------
 There are 0 register/latch pins with no clock.


2. checking constant_clock (0)
------------------------------
 There are 0 register/latch pins with constant_clock.


3. checking pulse_width_clock (0)
---------------------------------
 There are 0 register/latch pins which need pulse_width check


4. checking unconstrained_internal_endpoints (0)
------------------------------------------------
 There are 0 pins that are not constrained for maximum delay.

 There are 0 pins that are not constrained for maximum delay due to constant clock.


5. checking no_input_delay (0)
------------------------------
 There are 0 input ports with no input delay specified.

 There are 0 input ports with no input delay but user has a false path constraint.


6. checking no_output_delay (0)
-------------------------------
 There are 0 ports with no output delay specified.

 There are 0 ports with no output delay but user has a false path constraint

 There are 0 ports with no output delay but with a timing clock defined on it or propagating through it


7. checking multiple_clock (0)
------------------------------
 There are 0 register/latch pins with multiple clocks.


8. checking generated_clocks (0)
--------------------------------
 There are 0 generated clocks that are not connected to a clock source.


9. checking loops (0)
---------------------
 There are 0 combinational loops in the design.


10. checking partial_input_delay (0)
------------------------------------
 There are 0 input ports with partial input delay specified.


11. checking partial_output_delay (0)
-------------------------------------
 There are 0 ports with partial output delay specified.


12. checking latch_loops (0)
----------------------------
 There are 0 combinational latch loops in the design through latch input



------------------------------------------------------------------------------------------------
| Design Timing Summary
| ---------------------
------------------------------------------------------------------------------------------------

    WNS(ns)      TNS(ns)  TNS Failing Endpoints  TNS Total Endpoints      WHS(ns)      THS(ns)  THS Failing Endpoints  THS Total Endpoints     WPWS(ns)     TPWS(ns)  TPWS Failing Endpoints  TPWS Total Endpoints  
    -------      -------  ---------------------  -------------------      -------      -------  ---------------------  -------------------     --------     --------  ----------------------  --------------------  
        inf        0.000                      0                    5          inf        0.000                      0                    5           NA           NA                      NA                    NA  


There are no user specified timing constraints.


------------------------------------------------------------------------------------------------
| Clock Summary
| -------------
------------------------------------------------------------------------------------------------


------------------------------------------------------------------------------------------------
| Intra Clock Table
| -----------------
------------------------------------------------------------------------------------------------

Clock             WNS(ns)      TNS(ns)  TNS Failing Endpoints  TNS Total Endpoints      WHS(ns)      THS(ns)  THS Failing Endpoints  THS Total Endpoints     WPWS(ns)     TPWS(ns)  TPWS Failing Endpoints  TPWS Total Endpoints  
-----             -------      -------  ---------------------  -------------------      -------      -------  ---------------------  -------------------     --------     --------  ----------------------  --------------------  


------------------------------------------------------------------------------------------------
| Inter Clock Table
| -----------------
------------------------------------------------------------------------------------------------

From Clock    To Clock          WNS(ns)      TNS(ns)  TNS Failing Endpoints  TNS Total Endpoints      WHS(ns)      THS(ns)  THS Failing Endpoints  THS Total Endpoints  
----------    --------          -------      -------  ---------------------  -------------------      -------      -------  ---------------------  -------------------  


------------------------------------------------------------------------------------------------
| Other Path Groups Table
| -----------------------
------------------------------------------------------------------------------------------------

Path Group    From Clock    To Clock          WNS(ns)      TNS(ns)  TNS Failing Endpoints  TNS Total Endpoints      WHS(ns)      THS(ns)  THS Failing Endpoints  THS Total Endpoints  
----------    ----------    --------          -------      -------  ---------------------  -------------------      -------      -------  ---------------------  -------------------  


------------------------------------------------------------------------------------------------
| User Ignored Path Table
| -----------------------
------------------------------------------------------------------------------------------------

Path Group    From Clock    To Clock    
----------    ----------    --------    


------------------------------------------------------------------------------------------------
| Unconstrained Path Table
| ------------------------
------------------------------------------------------------------------------------------------

Path Group    From Clock    To Clock    
----------    ----------    --------    
(none)                                    


------------------------------------------------------------------------------------------------
| Timing Details
| --------------
------------------------------------------------------------------------------------------------


--------------------------------------------------------------------------------------
Path Group:  (none)
From Clock:  
  To Clock:  

Max Delay             5 Endpoints
Min Delay             5 Endpoints
--------------------------------------------------------------------------------------


Max Delay Paths
--------------------------------------------------------------------------------------
Slack:                    inf
  Source:                 A
                            (input port)
  Destination:            S
                            (output port)
  Path Group:             (none)
  Path Type:              Max at Slow Process Corner
  Data Path Delay:        9.478ns  (logic 5.102ns (53.827%)  route 4.376ns (46.173%))
  Logic Levels:           3  (IBUF=1 LUT1=1 OBUF=1)

    Location             Delay type                Incr(ns)  Path(ns)    Netlist Resource(s)
  -------------------------------------------------------------------    -------------------
    R2                                                0.000     0.000 f  A (IN)
                         net (fo=0)                   0.000     0.000    A
    R2                   IBUF (Prop_ibuf_I_O)         1.456     1.456 f  A_IBUF_inst/O
                         net (fo=5, routed)           2.100     3.556    A_IBUF
    SLICE_X65Y70         LUT1 (Prop_lut1_I0_O)        0.124     3.680 r  S_OBUF_inst_i_1/O
                         net (fo=1, routed)           2.276     5.956    S_OBUF
    L1                   OBUF (Prop_obuf_I_O)         3.521     9.478 r  S_OBUF_inst/O
                         net (fo=0)                   0.000     9.478    S
    L1                                                                r  S (OUT)
  -------------------------------------------------------------------    -------------------

Slack:                    inf
  Source:                 B
                            (input port)
  Destination:            Z
                            (output port)
  Path Group:             (none)
  Path Type:              Max at Slow Process Corner
  Data Path Delay:        9.280ns  (logic 5.311ns (57.231%)  route 3.969ns (42.769%))
  Logic Levels:           3  (IBUF=1 LUT2=1 OBUF=1)

    Location             Delay type                Incr(ns)  Path(ns)    Netlist Resource(s)
  -------------------------------------------------------------------    -------------------
    T1                                                0.000     0.000 r  B (IN)
                         net (fo=0)                   0.000     0.000    B
    T1                   IBUF (Prop_ibuf_I_O)         1.455     1.455 r  B_IBUF_inst/O
                         net (fo=4, routed)           1.481     2.936    B_IBUF
    SLICE_X65Y55         LUT2 (Prop_lut2_I0_O)        0.150     3.086 r  Z_OBUF_inst_i_1/O
                         net (fo=1, routed)           2.488     5.574    Z_OBUF
    U3                   OBUF (Prop_obuf_I_O)         3.706     9.280 r  Z_OBUF_inst/O
                         net (fo=0)                   0.000     9.280    Z
    U3                                                                r  Z (OUT)
  -------------------------------------------------------------------    -------------------

Slack:                    inf
  Source:                 B
                            (input port)
  Destination:            Y
                            (output port)
  Path Group:             (none)
  Path Type:              Max at Slow Process Corner
  Data Path Delay:        9.262ns  (logic 5.097ns (55.034%)  route 4.165ns (44.966%))
  Logic Levels:           3  (IBUF=1 LUT2=1 OBUF=1)

    Location             Delay type                Incr(ns)  Path(ns)    Netlist Resource(s)
  -------------------------------------------------------------------    -------------------
    T1                                                0.000     0.000 f  B (IN)
                         net (fo=0)                   0.000     0.000    B
    T1                   IBUF (Prop_ibuf_I_O)         1.455     1.455 f  B_IBUF_inst/O
                         net (fo=4, routed)           1.986     3.442    B_IBUF
    SLICE_X65Y61         LUT2 (Prop_lut2_I0_O)        0.124     3.566 r  Y_OBUF_inst_i_1/O
                         net (fo=1, routed)           2.178     5.744    Y_OBUF
    P3                   OBUF (Prop_obuf_I_O)         3.518     9.262 r  Y_OBUF_inst/O
                         net (fo=0)                   0.000     9.262    Y
    P3                                                                r  Y (OUT)
  -------------------------------------------------------------------    -------------------

Slack:                    inf
  Source:                 B
                            (input port)
  Destination:            W
                            (output port)
  Path Group:             (none)
  Path Type:              Max at Slow Process Corner
  Data Path Delay:        8.975ns  (logic 5.325ns (59.327%)  route 3.650ns (40.673%))
  Logic Levels:           3  (IBUF=1 LUT2=1 OBUF=1)

    Location             Delay type                Incr(ns)  Path(ns)    Netlist Resource(s)
  -------------------------------------------------------------------    -------------------
    T1                                                0.000     0.000 r  B (IN)
                         net (fo=0)                   0.000     0.000    B
    T1                   IBUF (Prop_ibuf_I_O)         1.455     1.455 r  B_IBUF_inst/O
                         net (fo=4, routed)           1.986     3.442    B_IBUF
    SLICE_X65Y61         LUT2 (Prop_lut2_I1_O)        0.152     3.594 r  W_OBUF_inst_i_1/O
                         net (fo=1, routed)           1.664     5.258    W_OBUF
    P1                   OBUF (Prop_obuf_I_O)         3.717     8.975 r  W_OBUF_inst/O
                         net (fo=0)                   0.000     8.975    W
    P1                                                                r  W (OUT)
  -------------------------------------------------------------------    -------------------

Slack:                    inf
  Source:                 B
                            (input port)
  Destination:            X
                            (output port)
  Path Group:             (none)
  Path Type:              Max at Slow Process Corner
  Data Path Delay:        8.897ns  (logic 5.087ns (57.170%)  route 3.811ns (42.830%))
  Logic Levels:           3  (IBUF=1 LUT2=1 OBUF=1)

    Location             Delay type                Incr(ns)  Path(ns)    Netlist Resource(s)
  -------------------------------------------------------------------    -------------------
    T1                                                0.000     0.000 r  B (IN)
                         net (fo=0)                   0.000     0.000    B
    T1                   IBUF (Prop_ibuf_I_O)         1.455     1.455 r  B_IBUF_inst/O
                         net (fo=4, routed)           1.481     2.936    B_IBUF
    SLICE_X65Y55         LUT2 (Prop_lut2_I1_O)        0.124     3.060 r  X_OBUF_inst_i_1/O
                         net (fo=1, routed)           2.330     5.390    X_OBUF
    N3                   OBUF (Prop_obuf_I_O)         3.507     8.897 r  X_OBUF_inst/O
                         net (fo=0)                   0.000     8.897    X
    N3                                                                r  X (OUT)
  -------------------------------------------------------------------    -------------------





Min Delay Paths
--------------------------------------------------------------------------------------
Slack:                    inf
  Source:                 A
                            (input port)
  Destination:            W
                            (output port)
  Path Group:             (none)
  Path Type:              Min at Fast Process Corner
  Data Path Delay:        2.575ns  (logic 1.547ns (60.058%)  route 1.029ns (39.942%))
  Logic Levels:           3  (IBUF=1 LUT2=1 OBUF=1)

    Location             Delay type                Incr(ns)  Path(ns)    Netlist Resource(s)
  -------------------------------------------------------------------    -------------------
    R2                                                0.000     0.000 r  A (IN)
                         net (fo=0)                   0.000     0.000    A
    R2                   IBUF (Prop_ibuf_I_O)         0.224     0.224 r  A_IBUF_inst/O
                         net (fo=5, routed)           0.694     0.918    A_IBUF
    SLICE_X65Y61         LUT2 (Prop_lut2_I0_O)        0.044     0.962 r  W_OBUF_inst_i_1/O
                         net (fo=1, routed)           0.335     1.297    W_OBUF
    P1                   OBUF (Prop_obuf_I_O)         1.278     2.575 r  W_OBUF_inst/O
                         net (fo=0)                   0.000     2.575    W
    P1                                                                r  W (OUT)
  -------------------------------------------------------------------    -------------------

Slack:                    inf
  Source:                 A
                            (input port)
  Destination:            X
                            (output port)
  Path Group:             (none)
  Path Type:              Min at Fast Process Corner
  Data Path Delay:        2.627ns  (logic 1.478ns (56.243%)  route 1.150ns (43.757%))
  Logic Levels:           3  (IBUF=1 LUT2=1 OBUF=1)

    Location             Delay type                Incr(ns)  Path(ns)    Netlist Resource(s)
  -------------------------------------------------------------------    -------------------
    R2                                                0.000     0.000 r  A (IN)
                         net (fo=0)                   0.000     0.000    A
    R2                   IBUF (Prop_ibuf_I_O)         0.224     0.224 r  A_IBUF_inst/O
                         net (fo=5, routed)           0.515     0.739    A_IBUF
    SLICE_X65Y55         LUT2 (Prop_lut2_I0_O)        0.045     0.784 r  X_OBUF_inst_i_1/O
                         net (fo=1, routed)           0.635     1.419    X_OBUF
    N3                   OBUF (Prop_obuf_I_O)         1.208     2.627 r  X_OBUF_inst/O
                         net (fo=0)                   0.000     2.627    X
    N3                                                                r  X (OUT)
  -------------------------------------------------------------------    -------------------

Slack:                    inf
  Source:                 A
                            (input port)
  Destination:            Z
                            (output port)
  Path Group:             (none)
  Path Type:              Min at Fast Process Corner
  Data Path Delay:        2.736ns  (logic 1.537ns (56.181%)  route 1.199ns (43.819%))
  Logic Levels:           3  (IBUF=1 LUT2=1 OBUF=1)

    Location             Delay type                Incr(ns)  Path(ns)    Netlist Resource(s)
  -------------------------------------------------------------------    -------------------
    R2                                                0.000     0.000 r  A (IN)
                         net (fo=0)                   0.000     0.000    A
    R2                   IBUF (Prop_ibuf_I_O)         0.224     0.224 r  A_IBUF_inst/O
                         net (fo=5, routed)           0.515     0.739    A_IBUF
    SLICE_X65Y55         LUT2 (Prop_lut2_I1_O)        0.046     0.785 r  Z_OBUF_inst_i_1/O
                         net (fo=1, routed)           0.684     1.469    Z_OBUF
    U3                   OBUF (Prop_obuf_I_O)         1.267     2.736 r  Z_OBUF_inst/O
                         net (fo=0)                   0.000     2.736    Z
    U3                                                                r  Z (OUT)
  -------------------------------------------------------------------    -------------------

Slack:                    inf
  Source:                 A
                            (input port)
  Destination:            Y
                            (output port)
  Path Group:             (none)
  Path Type:              Min at Fast Process Corner
  Data Path Delay:        2.774ns  (logic 1.488ns (53.645%)  route 1.286ns (46.355%))
  Logic Levels:           3  (IBUF=1 LUT2=1 OBUF=1)

    Location             Delay type                Incr(ns)  Path(ns)    Netlist Resource(s)
  -------------------------------------------------------------------    -------------------
    R2                                                0.000     0.000 f  A (IN)
                         net (fo=0)                   0.000     0.000    A
    R2                   IBUF (Prop_ibuf_I_O)         0.224     0.224 f  A_IBUF_inst/O
                         net (fo=5, routed)           0.694     0.918    A_IBUF
    SLICE_X65Y61         LUT2 (Prop_lut2_I1_O)        0.045     0.963 r  Y_OBUF_inst_i_1/O
                         net (fo=1, routed)           0.592     1.555    Y_OBUF
    P3                   OBUF (Prop_obuf_I_O)         1.219     2.774 r  Y_OBUF_inst/O
                         net (fo=0)                   0.000     2.774    Y
    P3                                                                r  Y (OUT)
  -------------------------------------------------------------------    -------------------

Slack:                    inf
  Source:                 A
                            (input port)
  Destination:            S
                            (output port)
  Path Group:             (none)
  Path Type:              Min at Fast Process Corner
  Data Path Delay:        2.930ns  (logic 1.492ns (50.912%)  route 1.438ns (49.088%))
  Logic Levels:           3  (IBUF=1 LUT1=1 OBUF=1)

    Location             Delay type                Incr(ns)  Path(ns)    Netlist Resource(s)
  -------------------------------------------------------------------    -------------------
    R2                                                0.000     0.000 f  A (IN)
                         net (fo=0)                   0.000     0.000    A
    R2                   IBUF (Prop_ibuf_I_O)         0.224     0.224 f  A_IBUF_inst/O
                         net (fo=5, routed)           0.826     1.050    A_IBUF
    SLICE_X65Y70         LUT1 (Prop_lut1_I0_O)        0.045     1.095 r  S_OBUF_inst_i_1/O
                         net (fo=1, routed)           0.612     1.707    S_OBUF
    L1                   OBUF (Prop_obuf_I_O)         1.222     2.930 r  S_OBUF_inst/O
                         net (fo=0)                   0.000     2.930    S
    L1                                                                r  S (OUT)
  -------------------------------------------------------------------    -------------------





