
*** Running vivado
    with args -log Part_3.vdi -applog -m64 -product Vivado -messageDb vivado.pb -mode batch -source Part_3.tcl -notrace


****** Vivado v2024.2 (64-bit)
  **** SW Build 5239630 on Fri Nov 08 22:34:34 MST 2024
  **** IP Build 5239520 on Sun Nov 10 16:12:51 MST 2024
  **** SharedData Build 5239561 on Fri Nov 08 14:39:27 MST 2024
  **** Start of session at: Wed Jan 22 22:53:29 2025
    ** Copyright 1986-2022 Xilinx, Inc. All Rights Reserved.
    ** Copyright 2022-2024 Advanced Micro Devices, Inc. All Rights Reserved.

source Part_3.tcl -notrace
Command: link_design -top Part_3 -part xc7a35tcpg236-1
Design is defaulting to srcset: sources_1
Design is defaulting to constrset: constrs_1
INFO: [Device 21-403] Loading part xc7a35tcpg236-1
Netlist sorting complete. Time (s): cpu = 00:00:00 ; elapsed = 00:00:00 . Memory (MB): peak = 1657.797 ; gain = 0.000 ; free physical = 653 ; free virtual = 65518
INFO: [Project 1-479] Netlist was created with Vivado 2024.2
INFO: [Project 1-570] Preparing netlist for logic optimization
Parsing XDC File [/home/yousef/Desktop/UCF/Classes/Spring25/EEE3342C/Labs/experiment-1/part-3/part-3.srcs/constrs_1/new/part_3.xdc]
WARNING: [Vivado 12-584] No ports matched 'Out'. [/home/yousef/Desktop/UCF/Classes/Spring25/EEE3342C/Labs/experiment-1/part-3/part-3.srcs/constrs_1/new/part_3.xdc:3]
CRITICAL WARNING: [Common 17-55] 'set_property' expects at least one object. [/home/yousef/Desktop/UCF/Classes/Spring25/EEE3342C/Labs/experiment-1/part-3/part-3.srcs/constrs_1/new/part_3.xdc:3]
Resolution: If [get_<value>] was used to populate the object, check to make sure this command returns at least one valid object.
WARNING: [Vivado 12-584] No ports matched 'Out'. [/home/yousef/Desktop/UCF/Classes/Spring25/EEE3342C/Labs/experiment-1/part-3/part-3.srcs/constrs_1/new/part_3.xdc:8]
CRITICAL WARNING: [Common 17-55] 'set_property' expects at least one object. [/home/yousef/Desktop/UCF/Classes/Spring25/EEE3342C/Labs/experiment-1/part-3/part-3.srcs/constrs_1/new/part_3.xdc:8]
Resolution: If [get_<value>] was used to populate the object, check to make sure this command returns at least one valid object.
Finished Parsing XDC File [/home/yousef/Desktop/UCF/Classes/Spring25/EEE3342C/Labs/experiment-1/part-3/part-3.srcs/constrs_1/new/part_3.xdc]
INFO: [Opt 31-138] Pushed 0 inverter(s) to 0 load pin(s).
Netlist sorting complete. Time (s): cpu = 00:00:00 ; elapsed = 00:00:00 . Memory (MB): peak = 1876.324 ; gain = 0.000 ; free physical = 545 ; free virtual = 65412
INFO: [Project 1-111] Unisim Transformation Summary:
No Unisim elements were transformed.

5 Infos, 2 Warnings, 2 Critical Warnings and 0 Errors encountered.
link_design completed successfully
Command: opt_design
Attempting to get a license for feature 'Implementation' and/or device 'xc7a35t'
INFO: [Common 17-349] Got license for feature 'Implementation' and/or device 'xc7a35t'
Running DRC as a precondition to command opt_design

Starting DRC Task
INFO: [DRC 23-27] Running DRC with 8 threads
INFO: [Project 1-461] DRC finished with 0 Errors
INFO: [Project 1-462] Please refer to the DRC report (report_drc) for more information.

Time (s): cpu = 00:00:00.34 ; elapsed = 00:00:00.3 . Memory (MB): peak = 1896.137 ; gain = 13.875 ; free physical = 519 ; free virtual = 65387

Starting Cache Timing Information Task
INFO: [Timing 38-35] Done setting XDC timing constraints.
Ending Cache Timing Information Task | Checksum: 24c1e6f51

Time (s): cpu = 00:00:04 ; elapsed = 00:00:04 . Memory (MB): peak = 2351.965 ; gain = 455.828 ; free physical = 109 ; free virtual = 64966

Starting Logic Optimization Task

Phase 1 Initialization

Phase 1.1 Core Generation And Design Setup
Phase 1.1 Core Generation And Design Setup | Checksum: 24c1e6f51

Time (s): cpu = 00:00:00 ; elapsed = 00:00:00 . Memory (MB): peak = 2688.801 ; gain = 0.000 ; free physical = 382 ; free virtual = 64730

Phase 1.2 Setup Constraints And Sort Netlist
Phase 1.2 Setup Constraints And Sort Netlist | Checksum: 24c1e6f51

Time (s): cpu = 00:00:00 ; elapsed = 00:00:00 . Memory (MB): peak = 2688.801 ; gain = 0.000 ; free physical = 382 ; free virtual = 64730
Phase 1 Initialization | Checksum: 24c1e6f51

Time (s): cpu = 00:00:00 ; elapsed = 00:00:00 . Memory (MB): peak = 2688.801 ; gain = 0.000 ; free physical = 382 ; free virtual = 64730

Phase 2 Timer Update And Timing Data Collection

Phase 2.1 Timer Update
Phase 2.1 Timer Update | Checksum: 24c1e6f51

Time (s): cpu = 00:00:00 ; elapsed = 00:00:00 . Memory (MB): peak = 2688.801 ; gain = 0.000 ; free physical = 382 ; free virtual = 64730

Phase 2.2 Timing Data Collection
Phase 2.2 Timing Data Collection | Checksum: 24c1e6f51

Time (s): cpu = 00:00:00 ; elapsed = 00:00:00 . Memory (MB): peak = 2688.801 ; gain = 0.000 ; free physical = 378 ; free virtual = 64726
Phase 2 Timer Update And Timing Data Collection | Checksum: 24c1e6f51

Time (s): cpu = 00:00:00 ; elapsed = 00:00:00.01 . Memory (MB): peak = 2688.801 ; gain = 0.000 ; free physical = 378 ; free virtual = 64726

Phase 3 Retarget
INFO: [Opt 31-1851] Number of loadless carry chains removed were: 0
INFO: [Opt 31-1834] Total Chains To Be Transformed Were: 0 AND Number of Transformed insts Created are: 0
INFO: [Opt 31-138] Pushed 0 inverter(s) to 0 load pin(s).
INFO: [Opt 31-49] Retargeted 0 cell(s).
Phase 3 Retarget | Checksum: 24c1e6f51

Time (s): cpu = 00:00:00 ; elapsed = 00:00:00.01 . Memory (MB): peak = 2688.801 ; gain = 0.000 ; free physical = 378 ; free virtual = 64726
Retarget | Checksum: 24c1e6f51
INFO: [Opt 31-389] Phase Retarget created 0 cells and removed 0 cells

Phase 4 Constant propagation
INFO: [Opt 31-138] Pushed 0 inverter(s) to 0 load pin(s).
Phase 4 Constant propagation | Checksum: 24c1e6f51

Time (s): cpu = 00:00:00 ; elapsed = 00:00:00.01 . Memory (MB): peak = 2688.801 ; gain = 0.000 ; free physical = 378 ; free virtual = 64726
Constant propagation | Checksum: 24c1e6f51
INFO: [Opt 31-389] Phase Constant propagation created 0 cells and removed 0 cells

Phase 5 Sweep
INFO: [Constraints 18-11670] Building netlist checker database with flags, 0x8
Done building netlist checker database: Time (s): cpu = 00:00:00 ; elapsed = 00:00:00 . Memory (MB): peak = 2688.801 ; gain = 0.000 ; free physical = 378 ; free virtual = 64726
Phase 5 Sweep | Checksum: 24c1e6f51

Time (s): cpu = 00:00:00 ; elapsed = 00:00:00.02 . Memory (MB): peak = 2688.801 ; gain = 0.000 ; free physical = 378 ; free virtual = 64726
Sweep | Checksum: 24c1e6f51
INFO: [Opt 31-389] Phase Sweep created 0 cells and removed 0 cells

Phase 6 BUFG optimization
Phase 6 BUFG optimization | Checksum: 24c1e6f51

Time (s): cpu = 00:00:00 ; elapsed = 00:00:00.02 . Memory (MB): peak = 2720.816 ; gain = 32.016 ; free physical = 379 ; free virtual = 64727
BUFG optimization | Checksum: 24c1e6f51
INFO: [Opt 31-662] Phase BUFG optimization created 0 cells of which 0 are BUFGs and removed 0 cells.

Phase 7 Shift Register Optimization
INFO: [Opt 31-1064] SRL Remap converted 0 SRLs to 0 registers and converted 0 registers of register chains to 0 SRLs
Phase 7 Shift Register Optimization | Checksum: 24c1e6f51

Time (s): cpu = 00:00:00 ; elapsed = 00:00:00.02 . Memory (MB): peak = 2720.816 ; gain = 32.016 ; free physical = 379 ; free virtual = 64727
Shift Register Optimization | Checksum: 24c1e6f51
INFO: [Opt 31-389] Phase Shift Register Optimization created 0 cells and removed 0 cells

Phase 8 Post Processing Netlist
Phase 8 Post Processing Netlist | Checksum: 24c1e6f51

Time (s): cpu = 00:00:00 ; elapsed = 00:00:00.02 . Memory (MB): peak = 2720.816 ; gain = 32.016 ; free physical = 379 ; free virtual = 64727
Post Processing Netlist | Checksum: 24c1e6f51
INFO: [Opt 31-389] Phase Post Processing Netlist created 0 cells and removed 0 cells

Phase 9 Finalization

Phase 9.1 Finalizing Design Cores and Updating Shapes
Phase 9.1 Finalizing Design Cores and Updating Shapes | Checksum: 24c1e6f51

Time (s): cpu = 00:00:00 ; elapsed = 00:00:00.02 . Memory (MB): peak = 2720.816 ; gain = 32.016 ; free physical = 379 ; free virtual = 64727

Phase 9.2 Verifying Netlist Connectivity

Starting Connectivity Check Task

Time (s): cpu = 00:00:00 ; elapsed = 00:00:00 . Memory (MB): peak = 2720.816 ; gain = 0.000 ; free physical = 379 ; free virtual = 64727
Phase 9.2 Verifying Netlist Connectivity | Checksum: 24c1e6f51

Time (s): cpu = 00:00:00 ; elapsed = 00:00:00.02 . Memory (MB): peak = 2720.816 ; gain = 32.016 ; free physical = 379 ; free virtual = 64727
Phase 9 Finalization | Checksum: 24c1e6f51

Time (s): cpu = 00:00:00 ; elapsed = 00:00:00.02 . Memory (MB): peak = 2720.816 ; gain = 32.016 ; free physical = 379 ; free virtual = 64727
Opt_design Change Summary
=========================


-------------------------------------------------------------------------------------------------------------------------
|  Phase                        |  #Cells created  |  #Cells Removed  |  #Constrained objects preventing optimizations  |
-------------------------------------------------------------------------------------------------------------------------
|  Retarget                     |               0  |               0  |                                              0  |
|  Constant propagation         |               0  |               0  |                                              0  |
|  Sweep                        |               0  |               0  |                                              0  |
|  BUFG optimization            |               0  |               0  |                                              0  |
|  Shift Register Optimization  |               0  |               0  |                                              0  |
|  Post Processing Netlist      |               0  |               0  |                                              0  |
-------------------------------------------------------------------------------------------------------------------------


Ending Logic Optimization Task | Checksum: 24c1e6f51

Time (s): cpu = 00:00:00 ; elapsed = 00:00:00.03 . Memory (MB): peak = 2720.816 ; gain = 32.016 ; free physical = 379 ; free virtual = 64727

Starting Power Optimization Task
INFO: [Pwropt 34-132] Skipping clock gating for clocks with a period < 2.00 ns.
Ending Power Optimization Task | Checksum: 24c1e6f51

Time (s): cpu = 00:00:00.01 ; elapsed = 00:00:00 . Memory (MB): peak = 2720.816 ; gain = 0.000 ; free physical = 379 ; free virtual = 64727

Starting Final Cleanup Task
Ending Final Cleanup Task | Checksum: 24c1e6f51

Time (s): cpu = 00:00:00 ; elapsed = 00:00:00 . Memory (MB): peak = 2720.816 ; gain = 0.000 ; free physical = 379 ; free virtual = 64727

Starting Netlist Obfuscation Task
Netlist sorting complete. Time (s): cpu = 00:00:00 ; elapsed = 00:00:00 . Memory (MB): peak = 2720.816 ; gain = 0.000 ; free physical = 379 ; free virtual = 64727
Ending Netlist Obfuscation Task | Checksum: 24c1e6f51

Time (s): cpu = 00:00:00 ; elapsed = 00:00:00 . Memory (MB): peak = 2720.816 ; gain = 0.000 ; free physical = 379 ; free virtual = 64727
INFO: [Common 17-83] Releasing license: Implementation
25 Infos, 2 Warnings, 2 Critical Warnings and 0 Errors encountered.
opt_design completed successfully
opt_design: Time (s): cpu = 00:00:06 ; elapsed = 00:00:06 . Memory (MB): peak = 2720.816 ; gain = 838.555 ; free physical = 379 ; free virtual = 64727
INFO: [Vivado 12-24828] Executing command : report_drc -file Part_3_drc_opted.rpt -pb Part_3_drc_opted.pb -rpx Part_3_drc_opted.rpx
Command: report_drc -file Part_3_drc_opted.rpt -pb Part_3_drc_opted.pb -rpx Part_3_drc_opted.rpx
INFO: [IP_Flow 19-234] Refreshing IP repositories
INFO: [IP_Flow 19-1704] No user IP repositories specified
INFO: [IP_Flow 19-2313] Loaded Vivado IP repository '/home/yousef/vivado/Vivado/2024.2/data/ip'.
INFO: [DRC 23-27] Running DRC with 8 threads
INFO: [Vivado_Tcl 2-168] The results of DRC are in file /home/yousef/Desktop/UCF/Classes/Spring25/EEE3342C/Labs/experiment-1/part-3/part-3.runs/impl_1/Part_3_drc_opted.rpt.
report_drc completed successfully
INFO: [Timing 38-480] Writing timing data to binary archive.
Write ShapeDB Complete: Time (s): cpu = 00:00:00 ; elapsed = 00:00:00 . Memory (MB): peak = 2723.785 ; gain = 0.000 ; free physical = 366 ; free virtual = 64714
Wrote PlaceDB: Time (s): cpu = 00:00:00 ; elapsed = 00:00:00 . Memory (MB): peak = 2723.785 ; gain = 0.000 ; free physical = 366 ; free virtual = 64714
Wrote PulsedLatchDB: Time (s): cpu = 00:00:00 ; elapsed = 00:00:00 . Memory (MB): peak = 2723.785 ; gain = 0.000 ; free physical = 366 ; free virtual = 64714
Writing XDEF routing.
Writing XDEF routing logical nets.
Writing XDEF routing special nets.
Wrote RouteStorage: Time (s): cpu = 00:00:00.02 ; elapsed = 00:00:00.01 . Memory (MB): peak = 2723.785 ; gain = 0.000 ; free physical = 366 ; free virtual = 64714
Wrote Netlist Cache: Time (s): cpu = 00:00:00 ; elapsed = 00:00:00 . Memory (MB): peak = 2723.785 ; gain = 0.000 ; free physical = 366 ; free virtual = 64714
Wrote Device Cache: Time (s): cpu = 00:00:00.01 ; elapsed = 00:00:00.01 . Memory (MB): peak = 2723.785 ; gain = 0.000 ; free physical = 366 ; free virtual = 64714
Write Physdb Complete: Time (s): cpu = 00:00:00.03 ; elapsed = 00:00:00.02 . Memory (MB): peak = 2723.785 ; gain = 0.000 ; free physical = 365 ; free virtual = 64714
INFO: [Common 17-1381] The checkpoint '/home/yousef/Desktop/UCF/Classes/Spring25/EEE3342C/Labs/experiment-1/part-3/part-3.runs/impl_1/Part_3_opt.dcp' has been generated.
Command: place_design
Attempting to get a license for feature 'Implementation' and/or device 'xc7a35t'
INFO: [Common 17-349] Got license for feature 'Implementation' and/or device 'xc7a35t'
INFO: [Common 17-83] Releasing license: Implementation
INFO: [DRC 23-27] Running DRC with 8 threads
INFO: [Vivado_Tcl 4-198] DRC finished with 0 Errors
INFO: [Vivado_Tcl 4-199] Please refer to the DRC report (report_drc) for more information.
Running DRC as a precondition to command place_design
INFO: [DRC 23-27] Running DRC with 8 threads
INFO: [Vivado_Tcl 4-198] DRC finished with 0 Errors
INFO: [Vivado_Tcl 4-199] Please refer to the DRC report (report_drc) for more information.
INFO: [Place 30-611] Multithreading enabled for place_design using a maximum of 8 CPUs

Starting Placer Task

Phase 1 Placer Initialization

Phase 1.1 Placer Initialization Netlist Sorting
Netlist sorting complete. Time (s): cpu = 00:00:00 ; elapsed = 00:00:00 . Memory (MB): peak = 2723.785 ; gain = 0.000 ; free physical = 343 ; free virtual = 64691
Phase 1.1 Placer Initialization Netlist Sorting | Checksum: 1ae17ac35

Time (s): cpu = 00:00:00.01 ; elapsed = 00:00:00 . Memory (MB): peak = 2723.785 ; gain = 0.000 ; free physical = 343 ; free virtual = 64691
Netlist sorting complete. Time (s): cpu = 00:00:00 ; elapsed = 00:00:00 . Memory (MB): peak = 2723.785 ; gain = 0.000 ; free physical = 343 ; free virtual = 64691

Phase 1.2 IO Placement/ Clock Placement/ Build Placer Device
INFO: [Timing 38-35] Done setting XDC timing constraints.
Phase 1.2 IO Placement/ Clock Placement/ Build Placer Device | Checksum: 1c0987dff

Time (s): cpu = 00:00:00.16 ; elapsed = 00:00:00.05 . Memory (MB): peak = 2723.785 ; gain = 0.000 ; free physical = 342 ; free virtual = 64691

Phase 1.3 Build Placer Netlist Model
Phase 1.3 Build Placer Netlist Model | Checksum: 1cbf0b9bb

Time (s): cpu = 00:00:00.23 ; elapsed = 00:00:00.06 . Memory (MB): peak = 2723.785 ; gain = 0.000 ; free physical = 342 ; free virtual = 64690

Phase 1.4 Constrain Clocks/Macros
Phase 1.4 Constrain Clocks/Macros | Checksum: 1cbf0b9bb

Time (s): cpu = 00:00:00.23 ; elapsed = 00:00:00.06 . Memory (MB): peak = 2723.785 ; gain = 0.000 ; free physical = 342 ; free virtual = 64690
Phase 1 Placer Initialization | Checksum: 1cbf0b9bb

Time (s): cpu = 00:00:00.23 ; elapsed = 00:00:00.06 . Memory (MB): peak = 2723.785 ; gain = 0.000 ; free physical = 342 ; free virtual = 64690

Phase 2 Global Placement

Phase 2.1 Floorplanning
Phase 2.1 Floorplanning | Checksum: 1cbf0b9bb

Time (s): cpu = 00:00:00.24 ; elapsed = 00:00:00.07 . Memory (MB): peak = 2723.785 ; gain = 0.000 ; free physical = 342 ; free virtual = 64690

Phase 2.2 Update Timing before SLR Path Opt
Phase 2.2 Update Timing before SLR Path Opt | Checksum: 1cbf0b9bb

Time (s): cpu = 00:00:00.24 ; elapsed = 00:00:00.07 . Memory (MB): peak = 2723.785 ; gain = 0.000 ; free physical = 342 ; free virtual = 64690

Phase 2.3 Post-Processing in Floorplanning
Phase 2.3 Post-Processing in Floorplanning | Checksum: 1cbf0b9bb

Time (s): cpu = 00:00:00.24 ; elapsed = 00:00:00.07 . Memory (MB): peak = 2723.785 ; gain = 0.000 ; free physical = 342 ; free virtual = 64690

Phase 2.4 Global Place Phase1
Phase 2.4 Global Place Phase1 | Checksum: 23ffe418d

Time (s): cpu = 00:00:00.51 ; elapsed = 00:00:00.15 . Memory (MB): peak = 2755.801 ; gain = 32.016 ; free physical = 332 ; free virtual = 64680

Phase 2.5 Global Place Phase2
WARNING: [Place 46-29] Timing had been disabled during Placer and, therefore, physical synthesis in Placer will be skipped.
Phase 2.5 Global Place Phase2 | Checksum: 23ffe418d

Time (s): cpu = 00:00:00.62 ; elapsed = 00:00:00.18 . Memory (MB): peak = 2755.801 ; gain = 32.016 ; free physical = 351 ; free virtual = 64699
Phase 2 Global Placement | Checksum: 23ffe418d

Time (s): cpu = 00:00:00.62 ; elapsed = 00:00:00.18 . Memory (MB): peak = 2755.801 ; gain = 32.016 ; free physical = 351 ; free virtual = 64699

Phase 3 Detail Placement

Phase 3.1 Commit Multi Column Macros
Phase 3.1 Commit Multi Column Macros | Checksum: 23ffe418d

Time (s): cpu = 00:00:00.63 ; elapsed = 00:00:00.18 . Memory (MB): peak = 2755.801 ; gain = 32.016 ; free physical = 351 ; free virtual = 64699

Phase 3.2 Commit Most Macros & LUTRAMs
Phase 3.2 Commit Most Macros & LUTRAMs | Checksum: 22ab74422

Time (s): cpu = 00:00:00.66 ; elapsed = 00:00:00.18 . Memory (MB): peak = 2755.801 ; gain = 32.016 ; free physical = 352 ; free virtual = 64700

Phase 3.3 Area Swap Optimization
Phase 3.3 Area Swap Optimization | Checksum: 277171c0e

Time (s): cpu = 00:00:00.66 ; elapsed = 00:00:00.18 . Memory (MB): peak = 2755.801 ; gain = 32.016 ; free physical = 351 ; free virtual = 64699

Phase 3.4 Pipeline Register Optimization
Phase 3.4 Pipeline Register Optimization | Checksum: 277171c0e

Time (s): cpu = 00:00:00.68 ; elapsed = 00:00:00.19 . Memory (MB): peak = 2755.801 ; gain = 32.016 ; free physical = 351 ; free virtual = 64699

Phase 3.5 Small Shape Detail Placement
Phase 3.5 Small Shape Detail Placement | Checksum: 20cecb1cb

Time (s): cpu = 00:00:00.88 ; elapsed = 00:00:00.25 . Memory (MB): peak = 2755.801 ; gain = 32.016 ; free physical = 347 ; free virtual = 64695

Phase 3.6 Re-assign LUT pins
Phase 3.6 Re-assign LUT pins | Checksum: 20cecb1cb

Time (s): cpu = 00:00:00.88 ; elapsed = 00:00:00.25 . Memory (MB): peak = 2755.801 ; gain = 32.016 ; free physical = 347 ; free virtual = 64695

Phase 3.7 Pipeline Register Optimization
Phase 3.7 Pipeline Register Optimization | Checksum: 20cecb1cb

Time (s): cpu = 00:00:00.9 ; elapsed = 00:00:00.25 . Memory (MB): peak = 2755.801 ; gain = 32.016 ; free physical = 348 ; free virtual = 64696
Phase 3 Detail Placement | Checksum: 20cecb1cb

Time (s): cpu = 00:00:00.9 ; elapsed = 00:00:00.25 . Memory (MB): peak = 2755.801 ; gain = 32.016 ; free physical = 348 ; free virtual = 64696

Phase 4 Post Placement Optimization and Clean-Up

Phase 4.1 Post Commit Optimization
Phase 4.1 Post Commit Optimization | Checksum: 20cecb1cb

Time (s): cpu = 00:00:00.96 ; elapsed = 00:00:00.27 . Memory (MB): peak = 2755.801 ; gain = 32.016 ; free physical = 354 ; free virtual = 64702

Phase 4.2 Post Placement Cleanup
Phase 4.2 Post Placement Cleanup | Checksum: 20cecb1cb

Time (s): cpu = 00:00:00.98 ; elapsed = 00:00:00.27 . Memory (MB): peak = 2755.801 ; gain = 32.016 ; free physical = 354 ; free virtual = 64702

Phase 4.3 Placer Reporting

Phase 4.3.1 Print Estimated Congestion
INFO: [Place 30-612] Post-Placement Estimated Congestion 
 ____________________________________________________
|           | Global Congestion | Short Congestion  |
| Direction | Region Size       | Region Size       |
|___________|___________________|___________________|
|      North|                1x1|                1x1|
|___________|___________________|___________________|
|      South|                1x1|                1x1|
|___________|___________________|___________________|
|       East|                1x1|                1x1|
|___________|___________________|___________________|
|       West|                1x1|                1x1|
|___________|___________________|___________________|

Phase 4.3.1 Print Estimated Congestion | Checksum: 20cecb1cb

Time (s): cpu = 00:00:00.98 ; elapsed = 00:00:00.27 . Memory (MB): peak = 2755.801 ; gain = 32.016 ; free physical = 354 ; free virtual = 64702
Phase 4.3 Placer Reporting | Checksum: 20cecb1cb

Time (s): cpu = 00:00:00.98 ; elapsed = 00:00:00.27 . Memory (MB): peak = 2755.801 ; gain = 32.016 ; free physical = 354 ; free virtual = 64702

Phase 4.4 Final Placement Cleanup
Netlist sorting complete. Time (s): cpu = 00:00:00 ; elapsed = 00:00:00 . Memory (MB): peak = 2755.801 ; gain = 0.000 ; free physical = 354 ; free virtual = 64702

Time (s): cpu = 00:00:01 ; elapsed = 00:00:00.27 . Memory (MB): peak = 2755.801 ; gain = 32.016 ; free physical = 354 ; free virtual = 64702
Phase 4 Post Placement Optimization and Clean-Up | Checksum: 20cecb1cb

Time (s): cpu = 00:00:01 ; elapsed = 00:00:00.27 . Memory (MB): peak = 2755.801 ; gain = 32.016 ; free physical = 354 ; free virtual = 64702
Ending Placer Task | Checksum: 11c700383

Time (s): cpu = 00:00:01 ; elapsed = 00:00:00.27 . Memory (MB): peak = 2755.801 ; gain = 32.016 ; free physical = 354 ; free virtual = 64702
44 Infos, 3 Warnings, 2 Critical Warnings and 0 Errors encountered.
place_design completed successfully
INFO: [Vivado 12-24838] Running report commands "report_control_sets, report_io, report_utilization" in parallel.
Running report generation with 3 threads.
INFO: [Vivado 12-24828] Executing command : report_control_sets -verbose -file Part_3_control_sets_placed.rpt
report_control_sets: Time (s): cpu = 00:00:00.05 ; elapsed = 00:00:00.04 . Memory (MB): peak = 2755.801 ; gain = 0.000 ; free physical = 351 ; free virtual = 64699
INFO: [Vivado 12-24828] Executing command : report_utilization -file Part_3_utilization_placed.rpt -pb Part_3_utilization_placed.pb
INFO: [Vivado 12-24828] Executing command : report_io -file Part_3_io_placed.rpt
report_io: Time (s): cpu = 00:00:00.1 ; elapsed = 00:00:00.11 . Memory (MB): peak = 2755.801 ; gain = 0.000 ; free physical = 339 ; free virtual = 64687
INFO: [Timing 38-480] Writing timing data to binary archive.
Write ShapeDB Complete: Time (s): cpu = 00:00:00 ; elapsed = 00:00:00 . Memory (MB): peak = 2755.801 ; gain = 0.000 ; free physical = 335 ; free virtual = 64683
Wrote PlaceDB: Time (s): cpu = 00:00:00 ; elapsed = 00:00:00 . Memory (MB): peak = 2755.801 ; gain = 0.000 ; free physical = 331 ; free virtual = 64679
Wrote PulsedLatchDB: Time (s): cpu = 00:00:00 ; elapsed = 00:00:00 . Memory (MB): peak = 2755.801 ; gain = 0.000 ; free physical = 331 ; free virtual = 64679
Writing XDEF routing.
Writing XDEF routing logical nets.
Writing XDEF routing special nets.
Wrote RouteStorage: Time (s): cpu = 00:00:00.02 ; elapsed = 00:00:00.01 . Memory (MB): peak = 2755.801 ; gain = 0.000 ; free physical = 330 ; free virtual = 64678
Wrote Netlist Cache: Time (s): cpu = 00:00:00 ; elapsed = 00:00:00 . Memory (MB): peak = 2755.801 ; gain = 0.000 ; free physical = 330 ; free virtual = 64678
Wrote Device Cache: Time (s): cpu = 00:00:00.01 ; elapsed = 00:00:00.01 . Memory (MB): peak = 2755.801 ; gain = 0.000 ; free physical = 330 ; free virtual = 64679
Write Physdb Complete: Time (s): cpu = 00:00:00.03 ; elapsed = 00:00:00.02 . Memory (MB): peak = 2755.801 ; gain = 0.000 ; free physical = 330 ; free virtual = 64679
INFO: [Common 17-1381] The checkpoint '/home/yousef/Desktop/UCF/Classes/Spring25/EEE3342C/Labs/experiment-1/part-3/part-3.runs/impl_1/Part_3_placed.dcp' has been generated.
Command: phys_opt_design
Attempting to get a license for feature 'Implementation' and/or device 'xc7a35t'
INFO: [Common 17-349] Got license for feature 'Implementation' and/or device 'xc7a35t'

Starting Initial Update Timing Task

Time (s): cpu = 00:00:00 ; elapsed = 00:00:00.01 . Memory (MB): peak = 2755.801 ; gain = 0.000 ; free physical = 318 ; free virtual = 64666
INFO: [Vivado_Tcl 4-235] No timing constraint found. The netlist was not modified.
INFO: [Common 17-83] Releasing license: Implementation
53 Infos, 3 Warnings, 2 Critical Warnings and 0 Errors encountered.
phys_opt_design completed successfully
INFO: [Timing 38-480] Writing timing data to binary archive.
Write ShapeDB Complete: Time (s): cpu = 00:00:00.01 ; elapsed = 00:00:00 . Memory (MB): peak = 2755.801 ; gain = 0.000 ; free physical = 314 ; free virtual = 64662
Wrote PlaceDB: Time (s): cpu = 00:00:00.01 ; elapsed = 00:00:00 . Memory (MB): peak = 2755.801 ; gain = 0.000 ; free physical = 310 ; free virtual = 64658
Wrote PulsedLatchDB: Time (s): cpu = 00:00:00 ; elapsed = 00:00:00 . Memory (MB): peak = 2755.801 ; gain = 0.000 ; free physical = 310 ; free virtual = 64658
Writing XDEF routing.
Writing XDEF routing logical nets.
Writing XDEF routing special nets.
Wrote RouteStorage: Time (s): cpu = 00:00:00.02 ; elapsed = 00:00:00.01 . Memory (MB): peak = 2755.801 ; gain = 0.000 ; free physical = 310 ; free virtual = 64658
Wrote Netlist Cache: Time (s): cpu = 00:00:00 ; elapsed = 00:00:00 . Memory (MB): peak = 2755.801 ; gain = 0.000 ; free physical = 310 ; free virtual = 64658
Wrote Device Cache: Time (s): cpu = 00:00:00 ; elapsed = 00:00:00.01 . Memory (MB): peak = 2755.801 ; gain = 0.000 ; free physical = 310 ; free virtual = 64658
Write Physdb Complete: Time (s): cpu = 00:00:00.03 ; elapsed = 00:00:00.02 . Memory (MB): peak = 2755.801 ; gain = 0.000 ; free physical = 310 ; free virtual = 64658
INFO: [Common 17-1381] The checkpoint '/home/yousef/Desktop/UCF/Classes/Spring25/EEE3342C/Labs/experiment-1/part-3/part-3.runs/impl_1/Part_3_physopt.dcp' has been generated.
Command: route_design
Attempting to get a license for feature 'Implementation' and/or device 'xc7a35t'
INFO: [Common 17-349] Got license for feature 'Implementation' and/or device 'xc7a35t'


Starting Routing Task
INFO: [Route 35-254] Multithreading enabled for route_design using a maximum of 8 CPUs

Phase 1 Build RT Design
Checksum: PlaceDB: 2adcd179 ConstDB: 0 ShapeSum: 5111d5b3 RouteDB: a0815c57
Post Restoration Checksum: NetGraph: fc7b4895 | NumContArr: a8147a6e | Constraints: c2a8fa9d | Timing: c2a8fa9d
Phase 1 Build RT Design | Checksum: 329e1b83d

Time (s): cpu = 00:00:12 ; elapsed = 00:00:10 . Memory (MB): peak = 2829.469 ; gain = 73.668 ; free physical = 335 ; free virtual = 64539

Phase 2 Router Initialization
INFO: [Route 35-64] No timing constraints were detected. The router will operate in resource-optimization mode.

Phase 2.1 Fix Topology Constraints
Phase 2.1 Fix Topology Constraints | Checksum: 329e1b83d

Time (s): cpu = 00:00:12 ; elapsed = 00:00:10 . Memory (MB): peak = 2860.469 ; gain = 104.668 ; free physical = 304 ; free virtual = 64508

Phase 2.2 Pre Route Cleanup
Phase 2.2 Pre Route Cleanup | Checksum: 329e1b83d

Time (s): cpu = 00:00:12 ; elapsed = 00:00:10 . Memory (MB): peak = 2860.469 ; gain = 104.668 ; free physical = 304 ; free virtual = 64508
 Number of Nodes with overlaps = 0

Router Utilization Summary
  Global Vertical Routing Utilization    = 0 %
  Global Horizontal Routing Utilization  = 0 %
  Routable Net Status*
  *Does not include unroutable nets such as driverless and loadless.
  Run report_route_status for detailed report.
  Number of Failed Nets               = 7
    (Failed Nets is the sum of unrouted and partially routed nets)
  Number of Unrouted Nets             = 7
  Number of Partially Routed Nets     = 0
  Number of Node Overlaps             = 0

Phase 2 Router Initialization | Checksum: 36433cb12

Time (s): cpu = 00:00:13 ; elapsed = 00:00:10 . Memory (MB): peak = 2878.469 ; gain = 122.668 ; free physical = 280 ; free virtual = 64484

Phase 3 Global Routing
Phase 3 Global Routing | Checksum: 36433cb12

Time (s): cpu = 00:00:13 ; elapsed = 00:00:10 . Memory (MB): peak = 2878.469 ; gain = 122.668 ; free physical = 280 ; free virtual = 64484

Phase 4 Initial Routing

Phase 4.1 Initial Net Routing Pass
Phase 4.1 Initial Net Routing Pass | Checksum: 3163526d7

Time (s): cpu = 00:00:13 ; elapsed = 00:00:10 . Memory (MB): peak = 2878.469 ; gain = 122.668 ; free physical = 280 ; free virtual = 64484
Phase 4 Initial Routing | Checksum: 3163526d7

Time (s): cpu = 00:00:13 ; elapsed = 00:00:10 . Memory (MB): peak = 2878.469 ; gain = 122.668 ; free physical = 280 ; free virtual = 64484

Phase 5 Rip-up And Reroute

Phase 5.1 Global Iteration 0
 Number of Nodes with overlaps = 0
Phase 5.1 Global Iteration 0 | Checksum: 2e1448b24

Time (s): cpu = 00:00:13 ; elapsed = 00:00:10 . Memory (MB): peak = 2878.469 ; gain = 122.668 ; free physical = 280 ; free virtual = 64484
Phase 5 Rip-up And Reroute | Checksum: 2e1448b24

Time (s): cpu = 00:00:13 ; elapsed = 00:00:10 . Memory (MB): peak = 2878.469 ; gain = 122.668 ; free physical = 280 ; free virtual = 64484

Phase 6 Delay and Skew Optimization
Phase 6 Delay and Skew Optimization | Checksum: 2e1448b24

Time (s): cpu = 00:00:13 ; elapsed = 00:00:10 . Memory (MB): peak = 2878.469 ; gain = 122.668 ; free physical = 280 ; free virtual = 64484

Phase 7 Post Hold Fix

Phase 7.1 Hold Fix Iter
Phase 7.1 Hold Fix Iter | Checksum: 2e1448b24

Time (s): cpu = 00:00:13 ; elapsed = 00:00:10 . Memory (MB): peak = 2878.469 ; gain = 122.668 ; free physical = 280 ; free virtual = 64484
Phase 7 Post Hold Fix | Checksum: 2e1448b24

Time (s): cpu = 00:00:13 ; elapsed = 00:00:10 . Memory (MB): peak = 2878.469 ; gain = 122.668 ; free physical = 280 ; free virtual = 64484

Phase 8 Route finalize

Router Utilization Summary
  Global Vertical Routing Utilization    = 0.00701587 %
  Global Horizontal Routing Utilization  = 0.00221239 %
  Routable Net Status*
  *Does not include unroutable nets such as driverless and loadless.
  Run report_route_status for detailed report.
  Number of Failed Nets               = 0
    (Failed Nets is the sum of unrouted and partially routed nets)
  Number of Unrouted Nets             = 0
  Number of Partially Routed Nets     = 0
  Number of Node Overlaps             = 0


--GLOBAL Congestion:
Utilization threshold used for congestion level computation: 0.85
Congestion Report
North Dir 1x1 Area, Max Cong = 16.2162%, No Congested Regions.
South Dir 1x1 Area, Max Cong = 16.2162%, No Congested Regions.
East Dir 1x1 Area, Max Cong = 8.82353%, No Congested Regions.
West Dir 1x1 Area, Max Cong = 2.94118%, No Congested Regions.

------------------------------
Reporting congestion hotspots
------------------------------
Direction: North
----------------
Congested clusters found at Level 0
Effective congestion level: 0 Aspect Ratio: 1 Sparse Ratio: 0
Direction: South
----------------
Congested clusters found at Level 0
Effective congestion level: 0 Aspect Ratio: 1 Sparse Ratio: 0
Direction: East
----------------
Congested clusters found at Level 0
Effective congestion level: 0 Aspect Ratio: 1 Sparse Ratio: 0
Direction: West
----------------
Congested clusters found at Level 0
Effective congestion level: 0 Aspect Ratio: 1 Sparse Ratio: 0

Phase 8 Route finalize | Checksum: 2e1448b24

Time (s): cpu = 00:00:13 ; elapsed = 00:00:10 . Memory (MB): peak = 2878.469 ; gain = 122.668 ; free physical = 280 ; free virtual = 64484

Phase 9 Verifying routed nets

 Verification completed successfully
Phase 9 Verifying routed nets | Checksum: 2e1448b24

Time (s): cpu = 00:00:13 ; elapsed = 00:00:10 . Memory (MB): peak = 2878.469 ; gain = 122.668 ; free physical = 280 ; free virtual = 64484

Phase 10 Depositing Routes
Phase 10 Depositing Routes | Checksum: 3410c5de6

Time (s): cpu = 00:00:13 ; elapsed = 00:00:10 . Memory (MB): peak = 2878.469 ; gain = 122.668 ; free physical = 280 ; free virtual = 64484

Phase 11 Post Process Routing
Phase 11 Post Process Routing | Checksum: 3410c5de6

Time (s): cpu = 00:00:13 ; elapsed = 00:00:10 . Memory (MB): peak = 2878.469 ; gain = 122.668 ; free physical = 280 ; free virtual = 64484
Total Elapsed time in route_design: 10.31 secs

Phase 12 Post-Route Event Processing
Phase 12 Post-Route Event Processing | Checksum: 118dcf51f

Time (s): cpu = 00:00:13 ; elapsed = 00:00:10 . Memory (MB): peak = 2878.469 ; gain = 122.668 ; free physical = 280 ; free virtual = 64484
INFO: [Route 35-16] Router Completed Successfully
Ending Routing Task | Checksum: 118dcf51f

Time (s): cpu = 00:00:13 ; elapsed = 00:00:10 . Memory (MB): peak = 2878.469 ; gain = 122.668 ; free physical = 280 ; free virtual = 64484

Routing Is Done.
INFO: [Common 17-83] Releasing license: Implementation
60 Infos, 3 Warnings, 2 Critical Warnings and 0 Errors encountered.
route_design completed successfully
route_design: Time (s): cpu = 00:00:13 ; elapsed = 00:00:10 . Memory (MB): peak = 2878.469 ; gain = 122.668 ; free physical = 280 ; free virtual = 64484
INFO: [Vivado 12-24828] Executing command : report_drc -file Part_3_drc_routed.rpt -pb Part_3_drc_routed.pb -rpx Part_3_drc_routed.rpx
Command: report_drc -file Part_3_drc_routed.rpt -pb Part_3_drc_routed.pb -rpx Part_3_drc_routed.rpx
INFO: [IP_Flow 19-1839] IP Catalog is up to date.
INFO: [DRC 23-27] Running DRC with 8 threads
INFO: [Vivado_Tcl 2-168] The results of DRC are in file /home/yousef/Desktop/UCF/Classes/Spring25/EEE3342C/Labs/experiment-1/part-3/part-3.runs/impl_1/Part_3_drc_routed.rpt.
report_drc completed successfully
INFO: [Vivado 12-24828] Executing command : report_methodology -file Part_3_methodology_drc_routed.rpt -pb Part_3_methodology_drc_routed.pb -rpx Part_3_methodology_drc_routed.rpx
Command: report_methodology -file Part_3_methodology_drc_routed.rpt -pb Part_3_methodology_drc_routed.pb -rpx Part_3_methodology_drc_routed.rpx
INFO: [Timing 38-35] Done setting XDC timing constraints.
INFO: [DRC 23-133] Running Methodology with 8 threads
INFO: [Vivado_Tcl 2-1520] The results of Report Methodology are in file /home/yousef/Desktop/UCF/Classes/Spring25/EEE3342C/Labs/experiment-1/part-3/part-3.runs/impl_1/Part_3_methodology_drc_routed.rpt.
report_methodology completed successfully
INFO: [Vivado 12-24828] Executing command : report_timing_summary -max_paths 10 -report_unconstrained -file Part_3_timing_summary_routed.rpt -pb Part_3_timing_summary_routed.pb -rpx Part_3_timing_summary_routed.rpx -warn_on_violation 
INFO: [Timing 38-35] Done setting XDC timing constraints.
INFO: [Timing 38-91] UpdateTimingParams: Speed grade: -1, Delay Type: min_max.
INFO: [Timing 38-191] Multithreading enabled for timing update using a maximum of 8 CPUs
WARNING: [Timing 38-313] There are no user specified timing constraints. Timing constraints are needed for proper timing analysis.
INFO: [Vivado 12-24838] Running report commands "report_bus_skew, report_incremental_reuse, report_route_status" in parallel.
Running report generation with 3 threads.
INFO: [Vivado 12-24828] Executing command : report_route_status -file Part_3_route_status.rpt -pb Part_3_route_status.pb
INFO: [Vivado 12-24828] Executing command : report_incremental_reuse -file Part_3_incremental_reuse_routed.rpt
INFO: [Vivado_Tcl 4-1062] Incremental flow is disabled. No incremental reuse Info to report.
INFO: [Vivado 12-24828] Executing command : report_bus_skew -warn_on_violation -file Part_3_bus_skew_routed.rpt -pb Part_3_bus_skew_routed.pb -rpx Part_3_bus_skew_routed.rpx
INFO: [Timing 38-91] UpdateTimingParams: Speed grade: -1, Delay Type: min_max.
INFO: [Timing 38-191] Multithreading enabled for timing update using a maximum of 8 CPUs
INFO: [Vivado 12-24828] Executing command : report_power -file Part_3_power_routed.rpt -pb Part_3_power_summary_routed.pb -rpx Part_3_power_routed.rpx
Command: report_power -file Part_3_power_routed.rpt -pb Part_3_power_summary_routed.pb -rpx Part_3_power_routed.rpx
WARNING: [Power 33-232] No user defined clocks were found in the design! Power estimation will be inaccurate until this is corrected.
Resolution: Please specify clocks using create_clock/create_generated_clock for sequential elements. For pure combinatorial circuits, please specify a virtual clock, otherwise the vectorless estimation might be inaccurate
Running Vector-less Activity Propagation...

Finished Running Vector-less Activity Propagation
80 Infos, 5 Warnings, 2 Critical Warnings and 0 Errors encountered.
report_power completed successfully
INFO: [Vivado 12-24828] Executing command : report_clock_utilization -file Part_3_clock_utilization_routed.rpt
INFO: [Timing 38-480] Writing timing data to binary archive.
Write ShapeDB Complete: Time (s): cpu = 00:00:00 ; elapsed = 00:00:00 . Memory (MB): peak = 2963.250 ; gain = 0.000 ; free physical = 252 ; free virtual = 64456
Wrote PlaceDB: Time (s): cpu = 00:00:00 ; elapsed = 00:00:00 . Memory (MB): peak = 2963.250 ; gain = 0.000 ; free physical = 252 ; free virtual = 64457
Wrote PulsedLatchDB: Time (s): cpu = 00:00:00 ; elapsed = 00:00:00 . Memory (MB): peak = 2963.250 ; gain = 0.000 ; free physical = 252 ; free virtual = 64457
Writing XDEF routing.
Writing XDEF routing logical nets.
Writing XDEF routing special nets.
Wrote RouteStorage: Time (s): cpu = 00:00:00.02 ; elapsed = 00:00:00.01 . Memory (MB): peak = 2963.250 ; gain = 0.000 ; free physical = 252 ; free virtual = 64456
Wrote Netlist Cache: Time (s): cpu = 00:00:00 ; elapsed = 00:00:00 . Memory (MB): peak = 2963.250 ; gain = 0.000 ; free physical = 252 ; free virtual = 64456
Wrote Device Cache: Time (s): cpu = 00:00:00.01 ; elapsed = 00:00:00 . Memory (MB): peak = 2963.250 ; gain = 0.000 ; free physical = 252 ; free virtual = 64456
Write Physdb Complete: Time (s): cpu = 00:00:00.03 ; elapsed = 00:00:00.02 . Memory (MB): peak = 2963.250 ; gain = 0.000 ; free physical = 252 ; free virtual = 64456
INFO: [Common 17-1381] The checkpoint '/home/yousef/Desktop/UCF/Classes/Spring25/EEE3342C/Labs/experiment-1/part-3/part-3.runs/impl_1/Part_3_routed.dcp' has been generated.
INFO: [Common 17-206] Exiting Vivado at Wed Jan 22 22:53:59 2025...
