This is pdfTeX, Version 3.141592653-2.6-1.40.26 (TeX Live 2024/nixos.org) (preloaded format=pdflatex 1980.1.1)  4 MAR 2025 23:21
entering extended mode
 restricted \write18 enabled.
 %&-line parsing enabled.
**main.tex
(./main.tex
LaTeX2e <2024-06-01> patch level 2
L3 programming layer <2024-10-09>

(/nix/store/mislqmfx0l2cdn8lf0rlygb6w7hiz02w-texlive-combined-full-2024.2024102
7-texmfdist/tex/latex/base/article.cls
Document Class: article 2024/02/08 v1.4n Standard LaTeX document class

(/nix/store/mislqmfx0l2cdn8lf0rlygb6w7hiz02w-texlive-combined-full-2024.2024102
7-texmfdist/tex/latex/base/size10.clo
File: size10.clo 2024/02/08 v1.4n Standard LaTeX file (size option)
)
\c@part=\count194
\c@section=\count195
\c@subsection=\count196
\c@subsubsection=\count197
\c@paragraph=\count198
\c@subparagraph=\count199
\c@figure=\count266
\c@table=\count267
\abovecaptionskip=\skip49
\belowcaptionskip=\skip50
\bibindent=\dimen141
)
(/nix/store/mislqmfx0l2cdn8lf0rlygb6w7hiz02w-texlive-combined-full-2024.2024102
7-texmfdist/tex/latex/graphics/graphicx.sty
Package: graphicx 2021/09/16 v1.2d Enhanced LaTeX Graphics (DPC,SPQR)

(/nix/store/mislqmfx0l2cdn8lf0rlygb6w7hiz02w-texlive-combined-full-2024.2024102
7-texmfdist/tex/latex/graphics/keyval.sty
Package: keyval 2022/05/29 v1.15 key=value parser (DPC)
\KV@toks@=\toks17
)
(/nix/store/mislqmfx0l2cdn8lf0rlygb6w7hiz02w-texlive-combined-full-2024.2024102
7-texmfdist/tex/latex/graphics/graphics.sty
Package: graphics 2024/05/23 v1.4g Standard LaTeX Graphics (DPC,SPQR)

(/nix/store/mislqmfx0l2cdn8lf0rlygb6w7hiz02w-texlive-combined-full-2024.2024102
7-texmfdist/tex/latex/graphics/trig.sty
Package: trig 2023/12/02 v1.11 sin cos tan (DPC)
)
(/nix/store/mislqmfx0l2cdn8lf0rlygb6w7hiz02w-texlive-combined-full-2024.2024102
7-texmfdist/tex/latex/graphics-cfg/graphics.cfg
File: graphics.cfg 2016/06/04 v1.11 sample graphics configuration
)
Package graphics Info: Driver file: pdftex.def on input line 106.

(/nix/store/mislqmfx0l2cdn8lf0rlygb6w7hiz02w-texlive-combined-full-2024.2024102
7-texmfdist/tex/latex/graphics-def/pdftex.def
File: pdftex.def 2024/04/13 v1.2c Graphics/color driver for pdftex
))
\Gin@req@height=\dimen142
\Gin@req@width=\dimen143
)
(/nix/store/mislqmfx0l2cdn8lf0rlygb6w7hiz02w-texlive-combined-full-2024.2024102
7-texmfdist/tex/latex/varwidth/varwidth.sty
Package: varwidth 2009/03/30 ver 0.92;  Variable-width minipages
\@vwid@box=\box52
\sift@deathcycles=\count268
\@vwid@loff=\dimen144
\@vwid@roff=\dimen145
)
(/nix/store/mislqmfx0l2cdn8lf0rlygb6w7hiz02w-texlive-combined-full-2024.2024102
7-texmfdist/tex/latex/listings/listings.sty
\lst@mode=\count269
\lst@gtempboxa=\box53
\lst@token=\toks18
\lst@length=\count270
\lst@currlwidth=\dimen146
\lst@column=\count271
\lst@pos=\count272
\lst@lostspace=\dimen147
\lst@width=\dimen148
\lst@newlines=\count273
\lst@lineno=\count274
\lst@maxwidth=\dimen149

(/nix/store/mislqmfx0l2cdn8lf0rlygb6w7hiz02w-texlive-combined-full-2024.2024102
7-texmfdist/tex/latex/listings/lstpatch.sty
File: lstpatch.sty 2024/09/23 1.10c (Carsten Heinz)
)
(/nix/store/mislqmfx0l2cdn8lf0rlygb6w7hiz02w-texlive-combined-full-2024.2024102
7-texmfdist/tex/latex/listings/lstmisc.sty
File: lstmisc.sty 2024/09/23 1.10c (Carsten Heinz)
\c@lstnumber=\count275
\lst@skipnumbers=\count276
\lst@framebox=\box54
)
(/nix/store/mislqmfx0l2cdn8lf0rlygb6w7hiz02w-texlive-combined-full-2024.2024102
7-texmfdist/tex/latex/listings/listings.cfg
File: listings.cfg 2024/09/23 1.10c listings configuration
))
Package: listings 2024/09/23 1.10c (Carsten Heinz)

(/nix/store/mislqmfx0l2cdn8lf0rlygb6w7hiz02w-texlive-combined-full-2024.2024102
7-texmfdist/tex/latex/xcolor/xcolor.sty
Package: xcolor 2024/09/29 v3.02 LaTeX color extensions (UK)

(/nix/store/mislqmfx0l2cdn8lf0rlygb6w7hiz02w-texlive-combined-full-2024.2024102
7-texmfdist/tex/latex/graphics-cfg/color.cfg
File: color.cfg 2016/01/02 v1.6 sample color configuration
)
Package xcolor Info: Driver file: pdftex.def on input line 274.

(/nix/store/mislqmfx0l2cdn8lf0rlygb6w7hiz02w-texlive-combined-full-2024.2024102
7-texmfdist/tex/latex/graphics/mathcolor.ltx)
Package xcolor Info: Model `cmy' substituted by `cmy0' on input line 1349.
Package xcolor Info: Model `hsb' substituted by `rgb' on input line 1353.
Package xcolor Info: Model `RGB' extended on input line 1365.
Package xcolor Info: Model `HTML' substituted by `rgb' on input line 1367.
Package xcolor Info: Model `Hsb' substituted by `hsb' on input line 1368.
Package xcolor Info: Model `tHsb' substituted by `hsb' on input line 1369.
Package xcolor Info: Model `HSB' substituted by `hsb' on input line 1370.
Package xcolor Info: Model `Gray' substituted by `gray' on input line 1371.
Package xcolor Info: Model `wave' substituted by `hsb' on input line 1372.
)
(/nix/store/mislqmfx0l2cdn8lf0rlygb6w7hiz02w-texlive-combined-full-2024.2024102
7-texmfdist/tex/latex/l3backend/l3backend-pdftex.def
File: l3backend-pdftex.def 2024-05-08 L3 backend support: PDF output (pdfTeX)
\l__color_backend_stack_int=\count277
\l__pdf_internal_box=\box55
) (./main.aux

LaTeX Warning: Label `label' multiply defined.


LaTeX Warning: Label `label' multiply defined.


LaTeX Warning: Label `label' multiply defined.


LaTeX Warning: Label `Figure 2' multiply defined.


LaTeX Warning: Label `label' multiply defined.


LaTeX Warning: Label `label' multiply defined.


LaTeX Warning: Label `label' multiply defined.


LaTeX Warning: Label `label' multiply defined.


LaTeX Warning: Label `label' multiply defined.


LaTeX Warning: Label `label' multiply defined.

)
\openout1 = `main.aux'.

LaTeX Font Info:    Checking defaults for OML/cmm/m/it on input line 49.
LaTeX Font Info:    ... okay on input line 49.
LaTeX Font Info:    Checking defaults for OMS/cmsy/m/n on input line 49.
LaTeX Font Info:    ... okay on input line 49.
LaTeX Font Info:    Checking defaults for OT1/cmr/m/n on input line 49.
LaTeX Font Info:    ... okay on input line 49.
LaTeX Font Info:    Checking defaults for T1/cmr/m/n on input line 49.
LaTeX Font Info:    ... okay on input line 49.
LaTeX Font Info:    Checking defaults for TS1/cmr/m/n on input line 49.
LaTeX Font Info:    ... okay on input line 49.
LaTeX Font Info:    Checking defaults for OMX/cmex/m/n on input line 49.
LaTeX Font Info:    ... okay on input line 49.
LaTeX Font Info:    Checking defaults for U/cmr/m/n on input line 49.
LaTeX Font Info:    ... okay on input line 49.

(/nix/store/mislqmfx0l2cdn8lf0rlygb6w7hiz02w-texlive-combined-full-2024.2024102
7-texmfdist/tex/context/base/mkii/supp-pdf.mkii
[Loading MPS to PDF converter (version 2006.09.02).]
\scratchcounter=\count278
\scratchdimen=\dimen150
\scratchbox=\box56
\nofMPsegments=\count279
\nofMParguments=\count280
\everyMPshowfont=\toks19
\MPscratchCnt=\count281
\MPscratchDim=\dimen151
\MPnumerator=\count282
\makeMPintoPDFobject=\count283
\everyMPtoPDFconversion=\toks20
)
(/nix/store/mislqmfx0l2cdn8lf0rlygb6w7hiz02w-texlive-combined-full-2024.2024102
7-texmfdist/tex/latex/epstopdf-pkg/epstopdf-base.sty
Package: epstopdf-base 2020-01-24 v2.11 Base part for package epstopdf
Package epstopdf-base Info: Redefining graphics rule for `.eps' on input line 4
85.

(/nix/store/mislqmfx0l2cdn8lf0rlygb6w7hiz02w-texlive-combined-full-2024.2024102
7-texmfdist/tex/latex/latexconfig/epstopdf-sys.cfg
File: epstopdf-sys.cfg 2010/07/13 v1.3 Configuration of (r)epstopdf for TeX Liv
e
))
\c@lstlisting=\count284
LaTeX Font Info:    External font `cmex10' loaded for size
(Font)              <12> on input line 51.
LaTeX Font Info:    External font `cmex10' loaded for size
(Font)              <8> on input line 51.
LaTeX Font Info:    External font `cmex10' loaded for size
(Font)              <6> on input line 51.
 (./main.toc
LaTeX Font Info:    External font `cmex10' loaded for size
(Font)              <7> on input line 4.
LaTeX Font Info:    External font `cmex10' loaded for size
(Font)              <5> on input line 4.
)
\tf@toc=\write3
\openout3 = `main.toc'.



[1

{/nix/store/gyynq93rsaz5ljspfv5swx1v54b55n2c-texlive-combined-full-2024.2024102
7/share/texmf-var/fonts/map/pdftex/updmap/pdftex.map}]
<part-1-half-schem.png, id=11, 603.25375pt x 401.5pt>
File: part-1-half-schem.png Graphic file (type png)
<use part-1-half-schem.png>
Package pdftex.def Info: part-1-half-schem.png  used on input line 67.
(pdftex.def)             Requested size: 172.5pt x 114.80852pt.


[2 <./part-1-half-schem.png (PNG copy)>]
(/nix/store/mislqmfx0l2cdn8lf0rlygb6w7hiz02w-texlive-combined-full-2024.2024102
7-texmfdist/tex/latex/listings/lstlang1.sty
File: lstlang1.sty 2024/09/23 1.10c listings language file
)
(/nix/store/mislqmfx0l2cdn8lf0rlygb6w7hiz02w-texlive-combined-full-2024.2024102
7-texmfdist/tex/latex/listings/lstlang2.sty
File: lstlang2.sty 2024/09/23 1.10c listings language file
)
(/nix/store/mislqmfx0l2cdn8lf0rlygb6w7hiz02w-texlive-combined-full-2024.2024102
7-texmfdist/tex/latex/listings/lstlang3.sty
File: lstlang3.sty 2024/09/23 1.10c listings language file
)
LaTeX Font Info:    Font shape `OT1/cmtt/bx/n' in size <9> not available
(Font)              Font shape `OT1/cmtt/m/n' tried instead on input line 88.
<part-1-half-waveform.png, id=17, 1221.56375pt x 157.58875pt>
File: part-1-half-waveform.png Graphic file (type png)
<use part-1-half-waveform.png>
Package pdftex.def Info: part-1-half-waveform.png  used on input line 130.
(pdftex.def)             Requested size: 345.0pt x 44.50687pt.


[3 <./part-1-half-waveform.png (PNG copy)>]
<part-1-full-schem.png, id=23, 926.46124pt x 163.61125pt>
File: part-1-full-schem.png Graphic file (type png)
<use part-1-full-schem.png>
Package pdftex.def Info: part-1-full-schem.png  used on input line 142.
(pdftex.def)             Requested size: 172.5pt x 30.46233pt.


[4 <./part-1-full-schem.png (PNG copy)>]
<part-1-full-waveform.png, id=27, 1215.54124pt x 161.60374pt>
File: part-1-full-waveform.png Graphic file (type png)
<use part-1-full-waveform.png>
Package pdftex.def Info: part-1-full-waveform.png  used on input line 195.
(pdftex.def)             Requested size: 345.0pt x 45.8652pt.


[5 <./part-1-full-waveform.png (PNG copy)>]
<part-2-schem.png, id=31, 1573.88pt x 1079.03125pt>
File: part-2-schem.png Graphic file (type png)
<use part-2-schem.png>
Package pdftex.def Info: part-2-schem.png  used on input line 208.
(pdftex.def)             Requested size: 172.5pt x 118.24925pt.


[6 <./part-2-schem.png (PNG copy)>]
<part-2-waveform.png, id=35, 1413.28pt x 113.42375pt>
File: part-2-waveform.png Graphic file (type png)
<use part-2-waveform.png>
Package pdftex.def Info: part-2-waveform.png  used on input line 269.
(pdftex.def)             Requested size: 345.0pt x 27.6878pt.


[7 <./part-2-waveform.png (PNG copy)>]
<part-3-schem.png, id=40, 651.43375pt x 319.1925pt>
File: part-3-schem.png Graphic file (type png)
<use part-3-schem.png>
Package pdftex.def Info: part-3-schem.png  used on input line 282.
(pdftex.def)             Requested size: 172.5pt x 84.52228pt.


[8 <./part-3-schem.png (PNG copy)>]
<part-3-waveform.png, id=44, 854.19125pt x 135.50626pt>
File: part-3-waveform.png Graphic file (type png)
<use part-3-waveform.png>
Package pdftex.def Info: part-3-waveform.png  used on input line 350.
(pdftex.def)             Requested size: 345.0pt x 54.72878pt.
File: part-3-waveform.png Graphic file (type png)
<use part-3-waveform.png>
Package pdftex.def Info: part-3-waveform.png  used on input line 359.
(pdftex.def)             Requested size: 345.0pt x 54.72878pt.


[9 <./part-3-waveform.png (PNG copy)>]

[10]
<part-4-schem.png, id=51, 574.145pt x 1097.09875pt>
File: part-4-schem.png Graphic file (type png)
<use part-4-schem.png>
Package pdftex.def Info: part-4-schem.png  used on input line 373.
(pdftex.def)             Requested size: 172.5pt x 329.61763pt.


[11 <./part-4-schem.png (PNG copy)>]

[12]
<part-4-waveform.png, id=58, 1348.03625pt x 137.51375pt>
File: part-4-waveform.png Graphic file (type png)
<use part-4-waveform.png>
Package pdftex.def Info: part-4-waveform.png  used on input line 437.
(pdftex.def)             Requested size: 345.0pt x 35.19247pt.

Underfull \hbox (badness 10000) in paragraph at lines 454--455

 []



[13 <./part-4-waveform.png (PNG copy)>]
Underfull \hbox (badness 10000) in paragraph at lines 462--463

 []


Underfull \hbox (badness 10000) in paragraph at lines 464--465

 []


Underfull \hbox (badness 10000) in paragraph at lines 466--467

 []


Underfull \hbox (badness 10000) in paragraph at lines 468--469

 []


Underfull \hbox (badness 10000) in paragraph at lines 470--471

 []



[14] (./main.aux)
 ***********
LaTeX2e <2024-06-01> patch level 2
L3 programming layer <2024-10-09>
 ***********


LaTeX Warning: There were multiply-defined labels.

 ) 
Here is how much of TeX's memory you used:
 3858 strings out of 473577
 60524 string characters out of 5700522
 878569 words of memory out of 5000000
 26754 multiletter control sequences out of 15000+600000
 562958 words of font info for 53 fonts, out of 8000000 for 9000
 1141 hyphenation exceptions out of 8191
 57i,7n,65p,808b,1717s stack positions out of 10000i,1000n,20000p,200000b,200000s
</nix/store/mislqmfx0l2cdn8lf0rlygb6w7hiz02w-texlive-combined-full-2024.20241
027-texmfdist/fonts/type1/public/amsfonts/cm/cmbx10.pfb></nix/store/mislqmfx0l2
cdn8lf0rlygb6w7hiz02w-texlive-combined-full-2024.20241027-texmfdist/fonts/type1
/public/amsfonts/cm/cmbx12.pfb></nix/store/mislqmfx0l2cdn8lf0rlygb6w7hiz02w-tex
live-combined-full-2024.20241027-texmfdist/fonts/type1/public/amsfonts/cm/cmmi1
0.pfb></nix/store/mislqmfx0l2cdn8lf0rlygb6w7hiz02w-texlive-combined-full-2024.2
0241027-texmfdist/fonts/type1/public/amsfonts/cm/cmr10.pfb></nix/store/mislqmfx
0l2cdn8lf0rlygb6w7hiz02w-texlive-combined-full-2024.20241027-texmfdist/fonts/ty
pe1/public/amsfonts/cm/cmr12.pfb></nix/store/mislqmfx0l2cdn8lf0rlygb6w7hiz02w-t
exlive-combined-full-2024.20241027-texmfdist/fonts/type1/public/amsfonts/cm/cmr
17.pfb></nix/store/mislqmfx0l2cdn8lf0rlygb6w7hiz02w-texlive-combined-full-2024.
20241027-texmfdist/fonts/type1/public/amsfonts/cm/cmr5.pfb></nix/store/mislqmfx
0l2cdn8lf0rlygb6w7hiz02w-texlive-combined-full-2024.20241027-texmfdist/fonts/ty
pe1/public/amsfonts/cm/cmsy10.pfb></nix/store/mislqmfx0l2cdn8lf0rlygb6w7hiz02w-
texlive-combined-full-2024.20241027-texmfdist/fonts/type1/public/amsfonts/cm/cm
tt9.pfb>
Output written on main.pdf (14 pages, 398396 bytes).
PDF statistics:
 105 PDF objects out of 1000 (max. 8388607)
 60 compressed objects within 1 object stream
 0 named destinations out of 1000 (max. 500000)
 51 words of extra memory for PDF output out of 10000 (max. 10000000)

