This is pdfTeX, Version 3.141592653-2.6-1.40.26 (TeX Live 2024) (preloaded format=pdflatex 2024.11.15)  22 JAN 2025 23:51
entering extended mode
 restricted \write18 enabled.
 %&-line parsing enabled.
**main.tex
(./main.tex
LaTeX2e <2024-11-01>
L3 programming layer <2024-11-02>
(/usr/local/texlive/2024/texmf-dist/tex/latex/base/article.cls
Document Class: article 2024/06/29 v1.4n Standard LaTeX document class
(/usr/local/texlive/2024/texmf-dist/tex/latex/base/size10.clo
File: size10.clo 2024/06/29 v1.4n Standard LaTeX file (size option)
)
\c@part=\count196
\c@section=\count197
\c@subsection=\count198
\c@subsubsection=\count199
\c@paragraph=\count266
\c@subparagraph=\count267
\c@figure=\count268
\c@table=\count269
\abovecaptionskip=\skip49
\belowcaptionskip=\skip50
\bibindent=\dimen141
)
(/usr/local/texlive/2024/texmf-dist/tex/latex/graphics/graphicx.sty
Package: graphicx 2021/09/16 v1.2d Enhanced LaTeX Graphics (DPC,SPQR)

(/usr/local/texlive/2024/texmf-dist/tex/latex/graphics/keyval.sty
Package: keyval 2022/05/29 v1.15 key=value parser (DPC)
\KV@toks@=\toks17
)
(/usr/local/texlive/2024/texmf-dist/tex/latex/graphics/graphics.sty
Package: graphics 2024/08/06 v1.4g Standard LaTeX Graphics (DPC,SPQR)

(/usr/local/texlive/2024/texmf-dist/tex/latex/graphics/trig.sty
Package: trig 2023/12/02 v1.11 sin cos tan (DPC)
)
(/usr/local/texlive/2024/texmf-dist/tex/latex/graphics-cfg/graphics.cfg
File: graphics.cfg 2016/06/04 v1.11 sample graphics configuration
)
Package graphics Info: Driver file: pdftex.def on input line 106.

(/usr/local/texlive/2024/texmf-dist/tex/latex/graphics-def/pdftex.def
File: pdftex.def 2024/04/13 v1.2c Graphics/color driver for pdftex
))
\Gin@req@height=\dimen142
\Gin@req@width=\dimen143
)
(/usr/local/texlive/2024/texmf-dist/tex/latex/varwidth/varwidth.sty
Package: varwidth 2009/03/30 ver 0.92;  Variable-width minipages
\@vwid@box=\box52
\sift@deathcycles=\count270
\@vwid@loff=\dimen144
\@vwid@roff=\dimen145
)
(/usr/local/texlive/2024/texmf-dist/tex/latex/l3backend/l3backend-pdftex.def
File: l3backend-pdftex.def 2024-05-08 L3 backend support: PDF output (pdfTeX)
\l__color_backend_stack_int=\count271
\l__pdf_internal_box=\box53
)
(./main.aux)
\openout1 = `main.aux'.

LaTeX Font Info:    Checking defaults for OML/cmm/m/it on input line 10.
LaTeX Font Info:    ... okay on input line 10.
LaTeX Font Info:    Checking defaults for OMS/cmsy/m/n on input line 10.
LaTeX Font Info:    ... okay on input line 10.
LaTeX Font Info:    Checking defaults for OT1/cmr/m/n on input line 10.
LaTeX Font Info:    ... okay on input line 10.
LaTeX Font Info:    Checking defaults for T1/cmr/m/n on input line 10.
LaTeX Font Info:    ... okay on input line 10.
LaTeX Font Info:    Checking defaults for TS1/cmr/m/n on input line 10.
LaTeX Font Info:    ... okay on input line 10.
LaTeX Font Info:    Checking defaults for OMX/cmex/m/n on input line 10.
LaTeX Font Info:    ... okay on input line 10.
LaTeX Font Info:    Checking defaults for U/cmr/m/n on input line 10.
LaTeX Font Info:    ... okay on input line 10.

(/usr/local/texlive/2024/texmf-dist/tex/context/base/mkii/supp-pdf.mkii
[Loading MPS to PDF converter (version 2006.09.02).]
\scratchcounter=\count272
\scratchdimen=\dimen146
\scratchbox=\box54
\nofMPsegments=\count273
\nofMParguments=\count274
\everyMPshowfont=\toks18
\MPscratchCnt=\count275
\MPscratchDim=\dimen147
\MPnumerator=\count276
\makeMPintoPDFobject=\count277
\everyMPtoPDFconversion=\toks19
) (/usr/local/texlive/2024/texmf-dist/tex/latex/epstopdf-pkg/epstopdf-base.sty
Package: epstopdf-base 2020-01-24 v2.11 Base part for package epstopdf
Package epstopdf-base Info: Redefining graphics rule for `.eps' on input line 4
85.

(/usr/local/texlive/2024/texmf-dist/tex/latex/latexconfig/epstopdf-sys.cfg
File: epstopdf-sys.cfg 2010/07/13 v1.3 Configuration of (r)epstopdf for TeX Liv
e
))
LaTeX Font Info:    External font `cmex10' loaded for size
(Font)              <12> on input line 12.
LaTeX Font Info:    External font `cmex10' loaded for size
(Font)              <8> on input line 12.
LaTeX Font Info:    External font `cmex10' loaded for size
(Font)              <6> on input line 12.

(./main.toc
LaTeX Font Info:    External font `cmex10' loaded for size
(Font)              <7> on input line 5.
LaTeX Font Info:    External font `cmex10' loaded for size
(Font)              <5> on input line 5.
)
\tf@toc=\write3
\openout3 = `main.toc'.



[1

{/usr/local/texlive/2024/texmf-var/fonts/map/pdftex/updmap/pdftex.map}]
Underfull \hbox (badness 10000) in paragraph at lines 17--19

 []


Underfull \hbox (badness 10000) in paragraph at lines 20--22

 []

<figure_3_1.png, id=11, 103.8279pt x 88.1694pt>
File: figure_3_1.png Graphic file (type png)
<use figure_3_1.png>
Package pdftex.def Info: figure_3_1.png  used on input line 28.
(pdftex.def)             Requested size: 172.5pt x 146.5051pt.
<figure_3_2.png, id=12, 266.4354pt x 167.6664pt>
File: figure_3_2.png Graphic file (type png)
<use figure_3_2.png>
Package pdftex.def Info: figure_3_2.png  used on input line 35.
(pdftex.def)             Requested size: 172.5pt x 108.55716pt.
<figure_3_3.png, id=13, 335.0919pt x 278.4804pt>
File: figure_3_3.png Graphic file (type png)
<use figure_3_3.png>
Package pdftex.def Info: figure_3_3.png  used on input line 42.
(pdftex.def)             Requested size: 172.5pt x 143.36163pt.


[2 <./figure_3_1.png>]

[3 <./figure_3_2.png> <./figure_3_3.png>]
<AND-GATE.png, id=20, 568.1225pt x 338.26375pt>
File: AND-GATE.png Graphic file (type png)
<use AND-GATE.png>
Package pdftex.def Info: AND-GATE.png  used on input line 52.
(pdftex.def)             Requested size: 172.5pt x 102.70833pt.
<AND-GATE-SCHEMATIC.png, id=22, 1267.73625pt x 353.32pt>
File: AND-GATE-SCHEMATIC.png Graphic file (type png)
<use AND-GATE-SCHEMATIC.png>
Package pdftex.def Info: AND-GATE-SCHEMATIC.png  used on input line 74.
(pdftex.def)             Requested size: 172.5pt x 48.07352pt.
<AND-GATE-FLOOR-PLAN.png, id=23, 1383.1675pt x 1041.8925pt>
File: AND-GATE-FLOOR-PLAN.png Graphic file (type png)
<use AND-GATE-FLOOR-PLAN.png>
Package pdftex.def Info: AND-GATE-FLOOR-PLAN.png  used on input line 80.
(pdftex.def)             Requested size: 172.5pt x 129.93417pt.
<AND-GATE-CONSTRAINTS.png, id=24, 1010.77625pt x 77.28876pt>
File: AND-GATE-CONSTRAINTS.png Graphic file (type png)
<use AND-GATE-CONSTRAINTS.png>
Package pdftex.def Info: AND-GATE-CONSTRAINTS.png  used on input line 86.
(pdftex.def)             Requested size: 258.75pt x 19.78561pt.


[4 <./AND-GATE.png>]
<AND-GATE-WAVEFORM.png, id=30, 1075.01625pt x 113.42375pt>
File: AND-GATE-WAVEFORM.png Graphic file (type png)
<use AND-GATE-WAVEFORM.png>
Package pdftex.def Info: AND-GATE-WAVEFORM.png  used on input line 93.
(pdftex.def)             Requested size: 258.75pt x 27.30013pt.

Underfull \hbox (badness 10000) in paragraph at lines 89--96

 []



[5 <./AND-GATE-SCHEMATIC.png (PNG copy)> <./AND-GATE-FLOOR-PLAN.png (PNG copy)>
 <./AND-GATE-CONSTRAINTS.png (PNG copy)> <./AND-GATE-WAVEFORM.png (PNG copy)>]
<NAND-GATE.png, id=36, 302.12875pt x 177.66376pt>
File: NAND-GATE.png Graphic file (type png)
<use NAND-GATE.png>
Package pdftex.def Info: NAND-GATE.png  used on input line 116.
(pdftex.def)             Requested size: 172.5pt x 101.43745pt.
<NAND-GATE-SCHEMATIC.png, id=37, 1538.74875pt x 304.13625pt>
File: NAND-GATE-SCHEMATIC.png Graphic file (type png)
<use NAND-GATE-SCHEMATIC.png>
Package pdftex.def Info: NAND-GATE-SCHEMATIC.png  used on input line 138.
(pdftex.def)             Requested size: 172.5pt x 34.09087pt.
<NAND-GATE-FLOOR-PLAN.png, id=38, 1392.20125pt x 994.71625pt>
File: NAND-GATE-FLOOR-PLAN.png Graphic file (type png)
<use NAND-GATE-FLOOR-PLAN.png>
Package pdftex.def Info: NAND-GATE-FLOOR-PLAN.png  used on input line 144.
(pdftex.def)             Requested size: 172.5pt x 123.2464pt.
<NAND-GATE-CONSTRAINTS.png, id=39, 999.735pt x 83.31125pt>
File: NAND-GATE-CONSTRAINTS.png Graphic file (type png)
<use NAND-GATE-CONSTRAINTS.png>
Package pdftex.def Info: NAND-GATE-CONSTRAINTS.png  used on input line 150.
(pdftex.def)             Requested size: 258.75pt x 21.56252pt.


[6 <./NAND-GATE.png (PNG copy)> <./NAND-GATE-SCHEMATIC.png (PNG copy)>]
<NAND-GATE-WAVEFORM.png, id=43, 1063.975pt x 85.31876pt>
File: NAND-GATE-WAVEFORM.png Graphic file (type png)
<use NAND-GATE-WAVEFORM.png>
Package pdftex.def Info: NAND-GATE-WAVEFORM.png  used on input line 157.
(pdftex.def)             Requested size: 258.75pt x 20.7477pt.

Underfull \hbox (badness 10000) in paragraph at lines 153--160

 []



[7 <./NAND-GATE-FLOOR-PLAN.png (PNG copy)> <./NAND-GATE-CONSTRAINTS.png (PNG co
py)> <./NAND-GATE-WAVEFORM.png (PNG copy)>]
<OR-GATE.png, id=48, 307.1475pt x 188.705pt>
File: OR-GATE.png Graphic file (type png)
<use OR-GATE.png>
Package pdftex.def Info: OR-GATE.png  used on input line 180.
(pdftex.def)             Requested size: 172.5pt x 105.98216pt.
<OR-GATE-SCHEMATIC.png, id=49, 1555.8125pt x 251.94125pt>
File: OR-GATE-SCHEMATIC.png Graphic file (type png)
<use OR-GATE-SCHEMATIC.png>
Package pdftex.def Info: OR-GATE-SCHEMATIC.png  used on input line 202.
(pdftex.def)             Requested size: 172.5pt x 27.93274pt.
<OR-GATE-FLOOR-PLAN.png, id=50, 1376.14125pt x 963.6pt>
File: OR-GATE-FLOOR-PLAN.png Graphic file (type png)
<use OR-GATE-FLOOR-PLAN.png>
Package pdftex.def Info: OR-GATE-FLOOR-PLAN.png  used on input line 208.
(pdftex.def)             Requested size: 172.5pt x 120.78787pt.
<OR-GATE-CONSTRAINTS.png, id=51, 960.58875pt x 68.255pt>
File: OR-GATE-CONSTRAINTS.png Graphic file (type png)
<use OR-GATE-CONSTRAINTS.png>
Package pdftex.def Info: OR-GATE-CONSTRAINTS.png  used on input line 214.
(pdftex.def)             Requested size: 258.75pt x 18.38535pt.
<OR-GATE-WAVEFORM.png, id=52, 1066.98625pt x 88.33pt>
File: OR-GATE-WAVEFORM.png Graphic file (type png)
<use OR-GATE-WAVEFORM.png>
Package pdftex.def Info: OR-GATE-WAVEFORM.png  used on input line 221.
(pdftex.def)             Requested size: 258.75pt x 21.42067pt.

Underfull \hbox (badness 10000) in paragraph at lines 176--224

 []



[8 <./OR-GATE.png (PNG copy)> <./OR-GATE-SCHEMATIC.png (PNG copy)>]

[9 <./OR-GATE-FLOOR-PLAN.png (PNG copy)> <./OR-GATE-CONSTRAINTS.png (PNG copy)>
 <./OR-GATE-WAVEFORM.png (PNG copy)>]
<XOR-GATE.png, id=59, 301.125pt x 188.705pt>
File: XOR-GATE.png Graphic file (type png)
<use XOR-GATE.png>
Package pdftex.def Info: XOR-GATE.png  used on input line 244.
(pdftex.def)             Requested size: 172.5pt x 108.10428pt.
<XOR-GATE-SCHEMATIC.png, id=60, 1225.57875pt x 309.155pt>
File: XOR-GATE-SCHEMATIC.png Graphic file (type png)
<use XOR-GATE-SCHEMATIC.png>
Package pdftex.def Info: XOR-GATE-SCHEMATIC.png  used on input line 266.
(pdftex.def)             Requested size: 172.5pt x 43.51254pt.
<XOR-GATE-FLOOR-PLAN.png, id=61, 1380.15625pt x 984.67876pt>
File: XOR-GATE-FLOOR-PLAN.png Graphic file (type png)
<use XOR-GATE-FLOOR-PLAN.png>
Package pdftex.def Info: XOR-GATE-FLOOR-PLAN.png  used on input line 272.
(pdftex.def)             Requested size: 172.5pt x 123.0695pt.
<XOR-GATE-CONSTRAINTS.png, id=62, 964.60374pt x 76.285pt>
File: XOR-GATE-CONSTRAINTS.png Graphic file (type png)
<use XOR-GATE-CONSTRAINTS.png>
Package pdftex.def Info: XOR-GATE-CONSTRAINTS.png  used on input line 278.
(pdftex.def)             Requested size: 258.75pt x 20.46219pt.
<XOR-GATE-WAVEFORM.png, id=63, 1059.96pt x 73.27374pt>
File: XOR-GATE-WAVEFORM.png Graphic file (type png)
<use XOR-GATE-WAVEFORM.png>
Package pdftex.def Info: XOR-GATE-WAVEFORM.png  used on input line 285.
(pdftex.def)             Requested size: 258.75pt x 17.88681pt.


[10 <./XOR-GATE.png (PNG copy)> <./XOR-GATE-SCHEMATIC.png (PNG copy)>]

[11 <./XOR-GATE-FLOOR-PLAN.png (PNG copy)> <./XOR-GATE-CONSTRAINTS.png (PNG cop
y)> <./XOR-GATE-WAVEFORM.png (PNG copy)>]
<Inverter-GATE.png, id=70, 238.8925pt x 137.51375pt>
File: Inverter-GATE.png Graphic file (type png)
<use Inverter-GATE.png>
Package pdftex.def Info: Inverter-GATE.png  used on input line 308.
(pdftex.def)             Requested size: 172.5pt x 99.29518pt.
<Inverter-GATE-SCHEMATIC.png, id=71, 1139.25626pt x 231.86626pt>
File: Inverter-GATE-SCHEMATIC.png Graphic file (type png)
<use Inverter-GATE-SCHEMATIC.png>
Package pdftex.def Info: Inverter-GATE-SCHEMATIC.png  used on input line 330.
(pdftex.def)             Requested size: 172.5pt x 35.10747pt.
<Inverter-GATE-FLOOR-PLAN.png, id=72, 1377.145pt x 984.67876pt>
File: Inverter-GATE-FLOOR-PLAN.png Graphic file (type png)
<use Inverter-GATE-FLOOR-PLAN.png>
Package pdftex.def Info: Inverter-GATE-FLOOR-PLAN.png  used on input line 336.
(pdftex.def)             Requested size: 172.5pt x 123.33997pt.
<Inverter-GATE-CONSTRAINTS.png, id=73, 984.67876pt x 52.195pt>
File: Inverter-GATE-CONSTRAINTS.png Graphic file (type png)
<use Inverter-GATE-CONSTRAINTS.png>
Package pdftex.def Info: Inverter-GATE-CONSTRAINTS.png  used on input line 342.

(pdftex.def)             Requested size: 258.75pt x 13.71532pt.
<Inverter-GATE-WAVEFORM.png, id=74, 1076.02pt x 62.2325pt>
File: Inverter-GATE-WAVEFORM.png Graphic file (type png)
<use Inverter-GATE-WAVEFORM.png>
Package pdftex.def Info: Inverter-GATE-WAVEFORM.png  used on input line 349.
(pdftex.def)             Requested size: 258.75pt x 14.96458pt.

Underfull \hbox (badness 10000) in paragraph at lines 304--352

 []



[12 <./Inverter-GATE.png (PNG copy)> <./Inverter-GATE-SCHEMATIC.png (PNG copy)>
]

[13 <./Inverter-GATE-FLOOR-PLAN.png (PNG copy)> <./Inverter-GATE-CONSTRAINTS.pn
g (PNG copy)> <./Inverter-GATE-WAVEFORM.png (PNG copy)>]
<2input-GATE.png, id=82, 441.65pt x 408.52625pt>
File: 2input-GATE.png Graphic file (type png)
<use 2input-GATE.png>
Package pdftex.def Info: 2input-GATE.png  used on input line 372.
(pdftex.def)             Requested size: 172.5pt x 159.56146pt.
<2input-GATE-SCHEMATIC.png, id=83, 1422.31375pt x 973.6375pt>
File: 2input-GATE-SCHEMATIC.png Graphic file (type png)
<use 2input-GATE-SCHEMATIC.png>
Package pdftex.def Info: 2input-GATE-SCHEMATIC.png  used on input line 398.
(pdftex.def)             Requested size: 172.5pt x 118.07939pt.
<2input-GATE-FLOOR-PLAN.png, id=84, 1371.1225pt x 978.65625pt>
File: 2input-GATE-FLOOR-PLAN.png Graphic file (type png)
<use 2input-GATE-FLOOR-PLAN.png>
Package pdftex.def Info: 2input-GATE-FLOOR-PLAN.png  used on input line 404.
(pdftex.def)             Requested size: 172.5pt x 123.12318pt.
<2input-GATE-CONSTRAINTS.png, id=85, 958.58125pt x 175.65625pt>
File: 2input-GATE-CONSTRAINTS.png Graphic file (type png)
<use 2input-GATE-CONSTRAINTS.png>
Package pdftex.def Info: 2input-GATE-CONSTRAINTS.png  used on input line 410.
(pdftex.def)             Requested size: 258.75pt x 47.41441pt.
<2input-GATE-WAVEFORM.png, id=86, 1367.1075pt x 170.6375pt>
File: 2input-GATE-WAVEFORM.png Graphic file (type png)
<use 2input-GATE-WAVEFORM.png>
Package pdftex.def Info: 2input-GATE-WAVEFORM.png  used on input line 417.
(pdftex.def)             Requested size: 258.75pt x 32.29648pt.

Underfull \hbox (badness 10000) in paragraph at lines 368--420

 []



[14 <./2input-GATE.png (PNG copy)>]

[15 <./2input-GATE-SCHEMATIC.png (PNG copy)> <./2input-GATE-FLOOR-PLAN.png (PNG
 copy)> <./2input-GATE-CONSTRAINTS.png (PNG copy)>]

[16 <./2input-GATE-WAVEFORM.png (PNG copy)>] (./main.aux)
 ***********
LaTeX2e <2024-11-01>
L3 programming layer <2024-11-02>
 ***********
 ) 
Here is how much of TeX's memory you used:
 1638 strings out of 473362
 29796 string characters out of 5720989
 416297 words of memory out of 5000000
 24775 multiletter control sequences out of 15000+600000
 562492 words of font info for 51 fonts, out of 8000000 for 9000
 1141 hyphenation exceptions out of 8191
 57i,7n,65p,582b,276s stack positions out of 10000i,1000n,20000p,200000b,200000s
</usr/local/texlive/2024/texmf-dist/fonts/type1/public/amsfonts/cm/cmbx10.pfb
></usr/local/texlive/2024/texmf-dist/fonts/type1/public/amsfonts/cm/cmbx12.pfb>
</usr/local/texlive/2024/texmf-dist/fonts/type1/public/amsfonts/cm/cmmi10.pfb><
/usr/local/texlive/2024/texmf-dist/fonts/type1/public/amsfonts/cm/cmr10.pfb></u
sr/local/texlive/2024/texmf-dist/fonts/type1/public/amsfonts/cm/cmr12.pfb></usr
/local/texlive/2024/texmf-dist/fonts/type1/public/amsfonts/cm/cmr17.pfb></usr/l
ocal/texlive/2024/texmf-dist/fonts/type1/public/amsfonts/cm/cmsy10.pfb></usr/lo
cal/texlive/2024/texmf-dist/fonts/type1/public/amsfonts/cm/cmtt10.pfb>
Output written on main.pdf (16 pages, 2106599 bytes).
PDF statistics:
 131 PDF objects out of 1000 (max. 8388607)
 62 compressed objects within 1 object stream
 0 named destinations out of 1000 (max. 500000)
 166 words of extra memory for PDF output out of 10000 (max. 10000000)

