This is pdfTeX, Version 3.141592653-2.6-1.40.26 (TeX Live 2024) (preloaded format=pdflatex 2024.11.15)  29 JAN 2025 23:40
entering extended mode
 restricted \write18 enabled.
 %&-line parsing enabled.
**main.tex
(./main.tex
LaTeX2e <2024-11-01>
L3 programming layer <2024-11-02>
(/usr/local/texlive/2024/texmf-dist/tex/latex/base/article.cls
Document Class: article 2024/06/29 v1.4n Standard LaTeX document class
(/usr/local/texlive/2024/texmf-dist/tex/latex/base/size10.clo
File: size10.clo 2024/06/29 v1.4n Standard LaTeX file (size option)
)
\c@part=\count196
\c@section=\count197
\c@subsection=\count198
\c@subsubsection=\count199
\c@paragraph=\count266
\c@subparagraph=\count267
\c@figure=\count268
\c@table=\count269
\abovecaptionskip=\skip49
\belowcaptionskip=\skip50
\bibindent=\dimen141
)
(/usr/local/texlive/2024/texmf-dist/tex/latex/graphics/graphicx.sty
Package: graphicx 2021/09/16 v1.2d Enhanced LaTeX Graphics (DPC,SPQR)

(/usr/local/texlive/2024/texmf-dist/tex/latex/graphics/keyval.sty
Package: keyval 2022/05/29 v1.15 key=value parser (DPC)
\KV@toks@=\toks17
)
(/usr/local/texlive/2024/texmf-dist/tex/latex/graphics/graphics.sty
Package: graphics 2024/08/06 v1.4g Standard LaTeX Graphics (DPC,SPQR)

(/usr/local/texlive/2024/texmf-dist/tex/latex/graphics/trig.sty
Package: trig 2023/12/02 v1.11 sin cos tan (DPC)
)
(/usr/local/texlive/2024/texmf-dist/tex/latex/graphics-cfg/graphics.cfg
File: graphics.cfg 2016/06/04 v1.11 sample graphics configuration
)
Package graphics Info: Driver file: pdftex.def on input line 106.

(/usr/local/texlive/2024/texmf-dist/tex/latex/graphics-def/pdftex.def
File: pdftex.def 2024/04/13 v1.2c Graphics/color driver for pdftex
))
\Gin@req@height=\dimen142
\Gin@req@width=\dimen143
)
(/usr/local/texlive/2024/texmf-dist/tex/latex/varwidth/varwidth.sty
Package: varwidth 2009/03/30 ver 0.92;  Variable-width minipages
\@vwid@box=\box52
\sift@deathcycles=\count270
\@vwid@loff=\dimen144
\@vwid@roff=\dimen145
)
(/usr/local/texlive/2024/texmf-dist/tex/latex/l3backend/l3backend-pdftex.def
File: l3backend-pdftex.def 2024-05-08 L3 backend support: PDF output (pdfTeX)
\l__color_backend_stack_int=\count271
\l__pdf_internal_box=\box53
)
(./main.aux

LaTeX Warning: Label `Figure 1' multiply defined.


LaTeX Warning: Label `Figure 2' multiply defined.

)
\openout1 = `main.aux'.

LaTeX Font Info:    Checking defaults for OML/cmm/m/it on input line 31.
LaTeX Font Info:    ... okay on input line 31.
LaTeX Font Info:    Checking defaults for OMS/cmsy/m/n on input line 31.
LaTeX Font Info:    ... okay on input line 31.
LaTeX Font Info:    Checking defaults for OT1/cmr/m/n on input line 31.
LaTeX Font Info:    ... okay on input line 31.
LaTeX Font Info:    Checking defaults for T1/cmr/m/n on input line 31.
LaTeX Font Info:    ... okay on input line 31.
LaTeX Font Info:    Checking defaults for TS1/cmr/m/n on input line 31.
LaTeX Font Info:    ... okay on input line 31.
LaTeX Font Info:    Checking defaults for OMX/cmex/m/n on input line 31.
LaTeX Font Info:    ... okay on input line 31.
LaTeX Font Info:    Checking defaults for U/cmr/m/n on input line 31.
LaTeX Font Info:    ... okay on input line 31.
 (/usr/local/texlive/2024/texmf-dist/tex/context/base/mkii/supp-pdf.mkii
[Loading MPS to PDF converter (version 2006.09.02).]
\scratchcounter=\count272
\scratchdimen=\dimen146
\scratchbox=\box54
\nofMPsegments=\count273
\nofMParguments=\count274
\everyMPshowfont=\toks18
\MPscratchCnt=\count275
\MPscratchDim=\dimen147
\MPnumerator=\count276
\makeMPintoPDFobject=\count277
\everyMPtoPDFconversion=\toks19
) (/usr/local/texlive/2024/texmf-dist/tex/latex/epstopdf-pkg/epstopdf-base.sty
Package: epstopdf-base 2020-01-24 v2.11 Base part for package epstopdf
Package epstopdf-base Info: Redefining graphics rule for `.eps' on input line 4
85.

(/usr/local/texlive/2024/texmf-dist/tex/latex/latexconfig/epstopdf-sys.cfg
File: epstopdf-sys.cfg 2010/07/13 v1.3 Configuration of (r)epstopdf for TeX Liv
e
))
LaTeX Font Info:    External font `cmex10' loaded for size
(Font)              <12> on input line 33.
LaTeX Font Info:    External font `cmex10' loaded for size
(Font)              <8> on input line 33.
LaTeX Font Info:    External font `cmex10' loaded for size
(Font)              <6> on input line 33.

(./main.toc)
\tf@toc=\write3
\openout3 = `main.toc'.



[1

{/usr/local/texlive/2024/texmf-var/fonts/map/pdftex/updmap/pdftex.map}]
LaTeX Font Info:    External font `cmex10' loaded for size
(Font)              <7> on input line 43.
LaTeX Font Info:    External font `cmex10' loaded for size
(Font)              <5> on input line 43.
<part-2-schem.png, id=11, 342.27875pt x 134.5025pt>
File: part-2-schem.png Graphic file (type png)
<use part-2-schem.png>
Package pdftex.def Info: part-2-schem.png  used on input line 48.
(pdftex.def)             Requested size: 172.5pt x 67.78673pt.


[2 <./part-2-schem.png (PNG copy)>]

[3]
<part-2-wave.png, id=21, 1281.78876pt x 191.71625pt>
File: part-2-wave.png Graphic file (type png)
<use part-2-wave.png>
Package pdftex.def Info: part-2-wave.png  used on input line 128.
(pdftex.def)             Requested size: 345.0pt x 51.60025pt.


[4 <./part-2-wave.png (PNG copy)>]
<part-3-schem.png, id=25, 418.56375pt x 171.64125pt>
File: part-3-schem.png Graphic file (type png)
<use part-3-schem.png>
Package pdftex.def Info: part-3-schem.png  used on input line 140.
(pdftex.def)             Requested size: 172.5pt x 70.7374pt.


[5 <./part-3-schem.png (PNG copy)>]

[6]
Overfull \hbox (69.74638pt too wide) in paragraph at lines 234--234
[]        \OT1/cmtt/m/n/10 COMPLEX_BOOL_NETWORK UUT(.A(a), .B(b), .C(c), .D(d),
 .E(e), .OUT(out));[] 
 []



[7]

[8]
<part-3-wave.png, id=39, 895.84688pt x 127.22531pt>
File: part-3-wave.png Graphic file (type png)
<use part-3-wave.png>
Package pdftex.def Info: part-3-wave.png  used on input line 240.
(pdftex.def)             Requested size: 345.0pt x 48.9945pt.


[9 <./part-3-wave.png>]
<part-4-wave.png, id=45, 907.89188pt x 109.91063pt>
File: part-4-wave.png Graphic file (type png)
<use part-4-wave.png>
Package pdftex.def Info: part-4-wave.png  used on input line 339.
(pdftex.def)             Requested size: 345.0pt x 41.76646pt.


[10]

[11 <./part-4-wave.png>]
<part-4-wave-before.png, id=53, 925.95938pt x 107.65219pt>
File: part-4-wave-before.png Graphic file (type png)
<use part-4-wave-before.png>
Package pdftex.def Info: part-4-wave-before.png  used on input line 345.
(pdftex.def)             Requested size: 345.0pt x 40.10992pt.
<part-4-schem.png, id=54, 867.24pt x 249.93375pt>
File: part-4-schem.png Graphic file (type png)
<use part-4-schem.png>
Package pdftex.def Info: part-4-schem.png  used on input line 351.
(pdftex.def)             Requested size: 345.0pt x 99.42636pt.

Underfull \hbox (badness 10000) in paragraph at lines 341--353

 []


Underfull \hbox (badness 10000) in paragraph at lines 354--356

 []



[12 <./part-4-wave-before.png> <./part-4-schem.png>] (./main.aux)
 ***********
LaTeX2e <2024-11-01>
L3 programming layer <2024-11-02>
 ***********


LaTeX Warning: There were multiply-defined labels.

 ) 
Here is how much of TeX's memory you used:
 1424 strings out of 473362
 23782 string characters out of 5720989
 435589 words of memory out of 5000000
 24561 multiletter control sequences out of 15000+600000
 562185 words of font info for 50 fonts, out of 8000000 for 9000
 1141 hyphenation exceptions out of 8191
 57i,7n,65p,434b,261s stack positions out of 10000i,1000n,20000p,200000b,200000s
</usr/local/texlive/2024/texmf-dist/fonts/type1/public/amsfonts/cm/cmbx10.pfb
></usr/local/texlive/2024/texmf-dist/fonts/type1/public/amsfonts/cm/cmbx12.pfb>
</usr/local/texlive/2024/texmf-dist/fonts/type1/public/amsfonts/cm/cmmi10.pfb><
/usr/local/texlive/2024/texmf-dist/fonts/type1/public/amsfonts/cm/cmr10.pfb></u
sr/local/texlive/2024/texmf-dist/fonts/type1/public/amsfonts/cm/cmr12.pfb></usr
/local/texlive/2024/texmf-dist/fonts/type1/public/amsfonts/cm/cmr17.pfb></usr/l
ocal/texlive/2024/texmf-dist/fonts/type1/public/amsfonts/cm/cmsy10.pfb></usr/lo
cal/texlive/2024/texmf-dist/fonts/type1/public/amsfonts/cm/cmtt10.pfb>
Output written on main.pdf (12 pages, 196390 bytes).
PDF statistics:
 95 PDF objects out of 1000 (max. 8388607)
 53 compressed objects within 1 object stream
 0 named destinations out of 1000 (max. 500000)
 36 words of extra memory for PDF output out of 10000 (max. 10000000)

